
R version 3.5.1 (2018-07-02) -- "Feather Spray"
Copyright (C) 2018 The R Foundation for Statistical Computing
Platform: x86_64-w64-mingw32/x64 (64-bit)

R is free software and comes with ABSOLUTELY NO WARRANTY.
You are welcome to redistribute it under certain conditions.
Type 'license()' or 'licence()' for distribution details.

  Natural language support but running in an English locale

R is a collaborative project with many contributors.
Type 'contributors()' for more information and
'citation()' on how to cite R or R packages in publications.

Type 'demo()' for some demos, 'help()' for on-line help, or
'help.start()' for an HTML browser interface to help.
Type 'q()' to quit R.

> source('update.R')
[1] "Program started"
##------ Mon May 27 21:21:52 2019 ------##
[1] "Increased Votes ID: tt0111161 number 1 of 100 Started at 21:25:46 ETA: 21:25:48"
[1] "Increased Votes ID: tt0468569 number 2 of 100 Started at 21:25:46 ETA: 21:28:52"
[1] "Increased Votes ID: tt1375666 number 3 of 100 Started at 21:25:46 ETA: 21:29:02"
[1] "Increased Votes ID: tt0137523 number 4 of 100 Started at 21:25:46 ETA: 21:29:05"
[1] "Increased Votes ID: tt0110912 number 5 of 100 Started at 21:25:46 ETA: 21:29:08"
[1] "Increased Votes ID: tt0109830 number 6 of 100 Started at 21:25:46 ETA: 21:29:15"
[1] "Increased Votes ID: tt0944947 number 7 of 100 Started at 21:25:46 ETA: 21:29:28"
[1] "Increased Votes ID: tt0120737 number 8 of 100 Started at 21:25:46 ETA: 21:29:27"
[1] "Increased Votes ID: tt0133093 number 9 of 100 Started at 21:25:46 ETA: 21:29:26"
[1] "Increased Votes ID: tt0167260 number 10 of 100 Started at 21:25:46 ETA: 21:29:25"
[1] "Increased Votes ID: tt0068646 number 11 of 100 Started at 21:25:46 ETA: 21:29:25"
[1] "Increased Votes ID: tt0167261 number 12 of 100 Started at 21:25:46 ETA: 21:29:30"
[1] "Increased Votes ID: tt0816692 number 13 of 100 Started at 21:25:46 ETA: 21:29:30"
[1] "Increased Votes ID: tt0114369 number 14 of 100 Started at 21:25:46 ETA: 21:29:29"
[1] "Increased Votes ID: tt0172495 number 15 of 100 Started at 21:25:46 ETA: 21:29:29"
[1] "Increased Votes ID: tt1853728 number 16 of 100 Started at 21:25:46 ETA: 21:29:33"
[1] "Increased Votes ID: tt0903747 number 17 of 100 Started at 21:25:46 ETA: 21:29:31"
[1] "Increased Votes ID: tt0848228 number 18 of 100 Started at 21:25:46 ETA: 21:29:32"
[1] "Increased Votes ID: tt0102926 number 19 of 100 Started at 21:25:46 ETA: 21:29:29"
[1] "Increased Votes ID: tt0120815 number 20 of 100 Started at 21:25:46 ETA: 21:29:29"
[1] "Increased Votes ID: tt0108052 number 21 of 100 Started at 21:25:46 ETA: 21:29:33"
[1] "Increased Votes ID: tt0993846 number 22 of 100 Started at 21:25:46 ETA: 21:29:32"
[1] "Increased Votes ID: tt0120689 number 23 of 100 Started at 21:25:46 ETA: 21:29:31"
[1] "Increased Votes ID: tt2015381 number 24 of 100 Started at 21:25:46 ETA: 21:29:31"
[1] "Increased Votes ID: tt0371746 number 25 of 100 Started at 21:25:46 ETA: 21:29:34"
[1] "Increased Votes ID: tt1475582 number 26 of 100 Started at 21:25:46 ETA: 21:29:33"
[1] "Increased Votes ID: tt0800369 number 27 of 100 Started at 21:25:46 ETA: 21:29:33"
[1] "Increased Votes ID: tt0108778 number 28 of 100 Started at 21:25:46 ETA: 21:29:34"
[1] "Increased Votes ID: tt4154756 number 29 of 100 Started at 21:25:46 ETA: 21:29:35"
[1] "Increased Votes ID: tt2395427 number 30 of 100 Started at 21:25:46 ETA: 21:29:38"
[1] "Increased Votes ID: tt0898266 number 31 of 100 Started at 21:25:46 ETA: 21:29:37"
[1] "Increased Votes ID: tt4574334 number 32 of 100 Started at 21:25:46 ETA: 21:29:39"
[1] "Increased Votes ID: tt3498820 number 33 of 100 Started at 21:25:46 ETA: 21:29:38"
[1] "Increased Votes ID: tt1825683 number 34 of 100 Started at 21:25:46 ETA: 21:29:45"
[1] "Increased Votes ID: tt3896198 number 35 of 100 Started at 21:25:46 ETA: 21:29:44"
[1] "Increased Votes ID: tt3501632 number 36 of 100 Started at 21:25:46 ETA: 21:29:43"
[1] "Increased Votes ID: tt2911666 number 37 of 100 Started at 21:25:46 ETA: 21:29:42"
[1] "Increased Votes ID: tt2250912 number 38 of 100 Started at 21:25:46 ETA: 21:29:43"
[1] "Increased Votes ID: tt4154796 number 39 of 100 Started at 21:25:46 ETA: 21:29:42"
[1] "Increased Votes ID: tt5052448 number 40 of 100 Started at 21:25:46 ETA: 21:29:42"
[1] "Increased Votes ID: tt5463162 number 41 of 100 Started at 21:25:46 ETA: 21:29:44"
[1] "Increased Votes ID: tt1396484 number 42 of 100 Started at 21:25:46 ETA: 21:29:45"
[1] "Increased Votes ID: tt0475784 number 43 of 100 Started at 21:25:46 ETA: 21:29:44"
[1] "Increased Votes ID: tt1727824 number 44 of 100 Started at 21:25:46 ETA: 21:29:44"
[1] "Increased Votes ID: tt2306299 number 45 of 100 Started at 21:25:46 ETA: 21:29:43"
[1] "Increased Votes ID: tt0103639 number 46 of 100 Started at 21:25:46 ETA: 21:29:42"
[1] "Increased Votes ID: tt0185906 number 47 of 100 Started at 21:25:46 ETA: 21:29:42"
[1] "Increased Votes ID: tt2085059 number 48 of 100 Started at 21:25:46 ETA: 21:29:43"
[1] "Increased Votes ID: tt2707408 number 49 of 100 Started at 21:25:46 ETA: 21:29:42"
[1] "Increased Votes ID: tt4425200 number 50 of 100 Started at 21:25:46 ETA: 21:29:43"
[1] "Increased Votes ID: tt2861424 number 51 of 100 Started at 21:25:46 ETA: 21:29:42"
[1] "Increased Votes ID: tt4154664 number 52 of 100 Started at 21:25:46 ETA: 21:29:41"
[1] "Increased Votes ID: tt1477834 number 53 of 100 Started at 21:25:46 ETA: 21:29:40"
[1] "Increased Votes ID: tt1517451 number 54 of 100 Started at 21:25:46 ETA: 21:29:40"
[1] "Increased Votes ID: tt5095030 number 55 of 100 Started at 21:25:46 ETA: 21:29:41"
[1] "Increased Votes ID: tt4633694 number 56 of 100 Started at 21:25:46 ETA: 21:29:40"
[1] "Increased Votes ID: tt6966692 number 57 of 100 Started at 21:25:46 ETA: 21:29:40"
[1] "Increased Votes ID: tt6027920 number 58 of 100 Started at 21:25:46 ETA: 21:29:40"
[1] "Increased Votes ID: tt2442560 number 59 of 100 Started at 21:25:46 ETA: 21:29:39"
[1] "Increased Votes ID: tt6027912 number 60 of 100 Started at 21:25:46 ETA: 21:29:39"
[1] "Increased Votes ID: tt4283088 number 61 of 100 Started at 21:25:46 ETA: 21:29:40"
[1] "Increased Votes ID: tt6027916 number 62 of 100 Started at 21:25:46 ETA: 21:29:40"
[1] "Increased Votes ID: tt4052886 number 63 of 100 Started at 21:25:46 ETA: 21:29:40"
[1] "Increased Votes ID: tt7349662 number 64 of 100 Started at 21:25:46 ETA: 21:29:39"
[1] "Increased Votes ID: tt6027914 number 65 of 100 Started at 21:25:46 ETA: 21:29:39"
[1] "Increased Votes ID: tt6823368 number 66 of 100 Started at 21:25:46 ETA: 21:29:40"
[1] "Increased Votes ID: tt5924366 number 67 of 100 Started at 21:25:46 ETA: 21:29:40"
[1] "Increased Votes ID: tt6027908 number 68 of 100 Started at 21:25:46 ETA: 21:29:40"
[1] "Increased Votes ID: tt0448115 number 69 of 100 Started at 21:25:46 ETA: 21:29:40"
[1] "Increased Votes ID: tt6857112 number 70 of 100 Started at 21:25:46 ETA: 21:29:43"
[1] "Increased Votes ID: tt7366338 number 71 of 100 Started at 21:25:46 ETA: 21:29:43"
[1] "Increased Votes ID: tt2386490 number 72 of 100 Started at 21:25:46 ETA: 21:29:42"
[1] "Increased Votes ID: tt6146586 number 73 of 100 Started at 21:25:46 ETA: 21:29:42"
[1] "Increased Votes ID: tt7959026 number 74 of 100 Started at 21:25:46 ETA: 21:29:42"
[1] "Increased Votes ID: tt5884052 number 75 of 100 Started at 21:25:46 ETA: 21:29:42"
[1] "Increased Votes ID: tt2481498 number 76 of 100 Started at 21:25:46 ETA: 21:29:42"
[1] "Increased Votes ID: tt6139732 number 77 of 100 Started at 21:25:46 ETA: 21:29:43"
[1] "Increased Votes ID: tt5719748 number 78 of 100 Started at 21:25:46 ETA: 21:29:42"
[1] "Increased Votes ID: tt6513120 number 79 of 100 Started at 21:25:46 ETA: 21:29:42"
[1] "Increased Votes ID: tt8064302 number 80 of 100 Started at 21:25:46 ETA: 21:29:41"
[1] "Increased Votes ID: tt8162428 number 81 of 100 Started at 21:25:46 ETA: 21:29:41"
[1] "Increased Votes ID: tt8482972 number 82 of 100 Started at 21:25:46 ETA: 21:29:41"
[1] "Increased Votes ID: tt0095560 number 83 of 100 Started at 21:25:46 ETA: 21:29:41"
[1] "Increased Votes ID: tt9166672 number 84 of 100 Started at 21:25:46 ETA: 21:29:42"
[1] "Increased Votes ID: tt8169446 number 85 of 100 Started at 21:25:46 ETA: 21:29:42"
[1] "Increased Votes ID: tt6472976 number 86 of 100 Started at 21:25:46 ETA: 21:29:41"
[1] "Increased Votes ID: tt7752126 number 87 of 100 Started at 21:25:46 ETA: 21:29:41"
[1] "Increased Votes ID: tt1489887 number 88 of 100 Started at 21:25:46 ETA: 21:29:41"
[1] "Increased Votes ID: tt8778064 number 89 of 100 Started at 21:25:46 ETA: 21:29:41"
[1] "Increased Votes ID: tt7131622 number 90 of 100 Started at 21:25:46 ETA: 21:29:40"
[1] "Increased Votes ID: tt6865690 number 91 of 100 Started at 21:25:46 ETA: 21:29:41"
[1] "Increased Votes ID: tt8743064 number 92 of 100 Started at 21:25:46 ETA: 21:29:40"
[1] "Increased Votes ID: tt2066051 number 93 of 100 Started at 21:25:46 ETA: 21:29:40"
[1] "Increased Votes ID: tt5056196 number 94 of 100 Started at 21:25:46 ETA: 21:29:40"
[1] "Increased Votes ID: tt9775360 number 95 of 100 Started at 21:25:46 ETA: 21:29:40"
[1] "Increased Votes ID: tt8055888 number 96 of 100 Started at 21:25:46 ETA: 21:29:40"
[1] "Increased Votes ID: tt5598292 number 97 of 100 Started at 21:25:46 ETA: 21:29:40"
[1] "Increased Votes ID: tt8385474 number 98 of 100 Started at 21:25:46 ETA: 21:29:40"
[1] "Increased Votes ID: tt9621106 number 99 of 100 Started at 21:25:46 ETA: 21:29:39"
[1] "Increased Votes ID: tt8160864 number 100 of 100 Started at 21:25:46 ETA: 21:29:40"
[1] "New Votes ID: tt8179388 number 1 of 39 Started at 21:29:46 ETA: 21:29:48"
[1] "New Votes ID: tt9558612 number 2 of 39 Started at 21:29:46 ETA: 21:30:44"
[1] "New Votes ID: tt7772580 number 3 of 39 Started at 21:29:46 ETA: 21:30:52"
[1] "New Votes ID: tt4283892 number 4 of 39 Started at 21:29:46 ETA: 21:30:56"
[1] "New Votes ID: tt5581752 number 5 of 39 Started at 21:29:46 ETA: 21:30:59"
[1] "New Votes ID: tt8860450 number 6 of 39 Started at 21:29:46 ETA: 21:31:06"
[1] "New Votes ID: tt8883538 number 7 of 39 Started at 21:29:46 ETA: 21:31:08"
[1] "New Votes ID: tt8180482 number 8 of 39 Started at 21:29:46 ETA: 21:31:09"
[1] "New Votes ID: tt10376068 number 9 of 39 Started at 21:29:46 ETA: 21:31:09"
[1] "New Votes ID: tt7778680 number 10 of 39 Started at 21:29:46 ETA: 21:31:09"
[1] "New Votes ID: tt8241576 number 11 of 39 Started at 21:29:46 ETA: 21:31:15"
[1] "New Votes ID: tt9199166 number 12 of 39 Started at 21:29:46 ETA: 21:31:16"
[1] "New Votes ID: tt8529186 number 13 of 39 Started at 21:29:46 ETA: 21:31:16"
[1] "New Votes ID: tt6866342 number 14 of 39 Started at 21:29:46 ETA: 21:31:17"
[1] "New Votes ID: tt0086013 number 15 of 39 Started at 21:29:46 ETA: 21:31:17"
[1] "New Votes ID: tt0096341 number 16 of 39 Started at 21:29:46 ETA: 21:31:17"
[1] "New Votes ID: tt0114489 number 17 of 39 Started at 21:29:46 ETA: 21:31:16"
[1] "New Votes ID: tt0708606 number 18 of 39 Started at 21:29:46 ETA: 21:31:18"
[1] "New Votes ID: tt5084196 number 19 of 39 Started at 21:29:46 ETA: 21:31:20"
[1] "New Votes ID: tt8488322 number 20 of 39 Started at 21:29:46 ETA: 21:31:19"
[1] "New Votes ID: tt0034889 number 21 of 39 Started at 21:29:46 ETA: 21:31:19"
[1] "New Votes ID: tt0040622 number 22 of 39 Started at 21:29:46 ETA: 21:31:19"
[1] "New Votes ID: tt0113449 number 23 of 39 Started at 21:29:46 ETA: 21:31:19"
[1] "New Votes ID: tt0708503 number 24 of 39 Started at 21:29:46 ETA: 21:31:20"
[1] "New Votes ID: tt0708611 number 25 of 39 Started at 21:29:46 ETA: 21:31:20"
[1] "New Votes ID: tt4006460 number 26 of 39 Started at 21:29:46 ETA: 21:31:20"
[1] "New Votes ID: tt5118992 number 27 of 39 Started at 21:29:46 ETA: 21:31:20"
[1] "New Votes ID: tt6634646 number 28 of 39 Started at 21:29:46 ETA: 21:31:20"
[1] "New Votes ID: tt8310612 number 29 of 39 Started at 21:29:46 ETA: 21:31:20"
[1] "New Votes ID: tt0069786 number 30 of 39 Started at 21:29:46 ETA: 21:31:21"
[1] "New Votes ID: tt0083844 number 31 of 39 Started at 21:29:46 ETA: 21:31:20"
[1] "New Votes ID: tt0708543 number 32 of 39 Started at 21:29:46 ETA: 21:31:20"
[1] "New Votes ID: tt0756522 number 33 of 39 Started at 21:29:46 ETA: 21:31:20"
[1] "New Votes ID: tt0763912 number 34 of 39 Started at 21:29:46 ETA: 21:31:20"
[1] "New Votes ID: tt0993748 number 35 of 39 Started at 21:29:46 ETA: 21:31:21"
[1] "New Votes ID: tt2177999 number 36 of 39 Started at 21:29:46 ETA: 21:31:21"
[1] "New Votes ID: tt2722730 number 37 of 39 Started at 21:29:46 ETA: 21:31:20"
[1] "New Votes ID: tt5228304 number 38 of 39 Started at 21:29:46 ETA: 21:31:20"
[1] "New Votes ID: tt6686450 number 39 of 39 Started at 21:29:46 ETA: 21:31:20"
[1] "Updating 250 of the oldest voted movies. Oldest Date is 2018-06-23"
[1] "Old Movie Update ID: tt0584454 number 1 of 250 Started at 21:31:27 ETA: 21:31:32"
[1] "Old Movie Update ID: tt0584452 number 2 of 250 Started at 21:31:27 ETA: 21:36:20"
[1] "Old Movie Update ID: tt0576936 number 3 of 250 Started at 21:31:27 ETA: 21:37:53"
[1] "Old Movie Update ID: tt1425242 number 4 of 250 Started at 21:31:27 ETA: 21:38:36"
[1] "Old Movie Update ID: tt4242898 number 5 of 250 Started at 21:31:27 ETA: 21:39:53"
[1] "Old Movie Update ID: tt0756878 number 6 of 250 Started at 21:31:27 ETA: 21:39:56"
[1] "Old Movie Update ID: tt2128818 number 7 of 250 Started at 21:31:27 ETA: 21:40:02"
[1] "Old Movie Update ID: tt2999388 number 8 of 250 Started at 21:31:27 ETA: 21:40:10"
[1] "Old Movie Update ID: tt3797652 number 9 of 250 Started at 21:31:27 ETA: 21:40:13"
[1] "Old Movie Update ID: tt0584461 number 10 of 250 Started at 21:31:27 ETA: 21:40:14"
[1] "Old Movie Update ID: tt0020264 number 11 of 250 Started at 21:31:27 ETA: 21:40:18"
[1] "Old Movie Update ID: tt0734679 number 12 of 250 Started at 21:31:27 ETA: 21:40:34"
[1] "Old Movie Update ID: tt0035836 number 13 of 250 Started at 21:31:27 ETA: 21:40:35"
[1] "Old Movie Update ID: tt0576917 number 14 of 250 Started at 21:31:27 ETA: 21:40:36"
[1] "Old Movie Update ID: tt0576939 number 15 of 250 Started at 21:31:27 ETA: 21:40:48"
[1] "Old Movie Update ID: tt1577179 number 16 of 250 Started at 21:31:27 ETA: 21:40:46"
[1] "Old Movie Update ID: tt2095350 number 17 of 250 Started at 21:31:27 ETA: 21:40:41"
[1] "Old Movie Update ID: tt3756558 number 18 of 250 Started at 21:31:27 ETA: 21:40:54"
[1] "Old Movie Update ID: tt3797656 number 19 of 250 Started at 21:31:27 ETA: 21:40:57"
[1] "Old Movie Update ID: tt0243971 number 20 of 250 Started at 21:31:27 ETA: 21:40:57"
[1] "Old Movie Update ID: tt0584436 number 21 of 250 Started at 21:31:27 ETA: 21:40:56"
[1] "Old Movie Update ID: tt0701203 number 22 of 250 Started at 21:31:27 ETA: 21:40:58"
[1] "Old Movie Update ID: tt2317924 number 23 of 250 Started at 21:31:27 ETA: 21:40:59"
[1] "Old Movie Update ID: tt5218412 number 24 of 250 Started at 21:31:27 ETA: 21:40:56"
[1] "Old Movie Update ID: tt0584450 number 25 of 250 Started at 21:31:27 ETA: 21:40:56"
[1] "Old Movie Update ID: tt0664508 number 26 of 250 Started at 21:31:27 ETA: 21:41:11"
[1] "Old Movie Update ID: tt1992935 number 27 of 250 Started at 21:31:27 ETA: 21:41:10"
[1] "Old Movie Update ID: tt0519599 number 28 of 250 Started at 21:31:27 ETA: 21:41:10"
[1] "Old Movie Update ID: tt0697688 number 29 of 250 Started at 21:31:27 ETA: 21:41:08"
[1] "Old Movie Update ID: tt1039934 number 30 of 250 Started at 21:31:27 ETA: 21:41:07"
[1] "Old Movie Update ID: tt2134107 number 31 of 250 Started at 21:31:27 ETA: 21:41:07"
[1] "Old Movie Update ID: tt0251333 number 32 of 250 Started at 21:31:27 ETA: 21:41:19"
[1] "Old Movie Update ID: tt0697776 number 33 of 250 Started at 21:31:27 ETA: 21:41:18"
[1] "Old Movie Update ID: tt0767439 number 34 of 250 Started at 21:31:27 ETA: 21:41:16"
[1] "Old Movie Update ID: tt2069885 number 35 of 250 Started at 21:31:27 ETA: 21:41:16"
[1] "Old Movie Update ID: tt2239817 number 36 of 250 Started at 21:31:27 ETA: 21:41:14"
[1] "Old Movie Update ID: tt0021182 number 37 of 250 Started at 21:31:27 ETA: 21:41:14"
[1] "Old Movie Update ID: tt0256019 number 38 of 250 Started at 21:31:27 ETA: 21:41:19"
[1] "Old Movie Update ID: tt0697651 number 39 of 250 Started at 21:31:27 ETA: 21:41:17"
[1] "Old Movie Update ID: tt0849809 number 40 of 250 Started at 21:31:27 ETA: 21:41:18"
[1] "Old Movie Update ID: tt0697791 number 41 of 250 Started at 21:31:27 ETA: 21:41:18"
[1] "Old Movie Update ID: tt0734622 number 42 of 250 Started at 21:31:27 ETA: 21:41:17"
[1] "Old Movie Update ID: tt2368669 number 43 of 250 Started at 21:31:27 ETA: 21:41:17"
[1] "Old Movie Update ID: tt3865208 number 44 of 250 Started at 21:31:27 ETA: 21:41:20"
[1] "Old Movie Update ID: tt4106068 number 45 of 250 Started at 21:31:27 ETA: 21:41:21"
[1] "Old Movie Update ID: tt4185454 number 46 of 250 Started at 21:31:27 ETA: 21:41:20"
[1] "Old Movie Update ID: tt0701135 number 47 of 250 Started at 21:31:27 ETA: 21:41:18"
[1] "Old Movie Update ID: tt0734653 number 48 of 250 Started at 21:31:27 ETA: 21:41:18"
[1] "Old Movie Update ID: tt1111175 number 49 of 250 Started at 21:31:27 ETA: 21:41:21"
[1] "Old Movie Update ID: tt2110811 number 50 of 250 Started at 21:31:27 ETA: 21:41:20"
[1] "Old Movie Update ID: tt2310928 number 51 of 250 Started at 21:31:27 ETA: 21:41:19"
[1] "Old Movie Update ID: tt2393824 number 52 of 250 Started at 21:31:27 ETA: 21:41:19"
[1] "Old Movie Update ID: tt3276622 number 53 of 250 Started at 21:31:27 ETA: 21:41:22"
[1] "Old Movie Update ID: tt4463980 number 54 of 250 Started at 21:31:27 ETA: 21:41:22"
[1] "Old Movie Update ID: tt0068304 number 55 of 250 Started at 21:31:27 ETA: 21:41:21"
[1] "Old Movie Update ID: tt1039939 number 56 of 250 Started at 21:31:27 ETA: 21:41:20"
[1] "Old Movie Update ID: tt2411492 number 57 of 250 Started at 21:31:27 ETA: 21:41:19"
[1] "Old Movie Update ID: tt0003961 number 58 of 250 Started at 21:31:27 ETA: 21:41:18"
[1] "Old Movie Update ID: tt0519633 number 59 of 250 Started at 21:31:27 ETA: 21:41:17"
[1] "Old Movie Update ID: tt0576955 number 60 of 250 Started at 21:31:27 ETA: 21:41:18"
[1] "Old Movie Update ID: tt2128141 number 61 of 250 Started at 21:31:27 ETA: 21:41:18"
[1] "Old Movie Update ID: tt2209159 number 62 of 250 Started at 21:31:27 ETA: 21:41:18"
[1] "Old Movie Update ID: tt2229196 number 63 of 250 Started at 21:31:27 ETA: 21:41:17"
[1] "Old Movie Update ID: tt2770826 number 64 of 250 Started at 21:31:27 ETA: 21:41:17"
[1] "Old Movie Update ID: tt0697685 number 65 of 250 Started at 21:31:27 ETA: 21:41:16"
[1] "Old Movie Update ID: tt2043471 number 66 of 250 Started at 21:31:27 ETA: 21:41:16"
[1] "Old Movie Update ID: tt0004284 number 67 of 250 Started at 21:31:27 ETA: 21:41:22"
[1] "Old Movie Update ID: tt0283326 number 68 of 250 Started at 21:31:27 ETA: 21:41:21"
[1] "Old Movie Update ID: tt0310011 number 69 of 250 Started at 21:31:27 ETA: 21:41:21"
[1] "Old Movie Update ID: tt0973816 number 70 of 250 Started at 21:31:27 ETA: 21:41:20"
[1] "Old Movie Update ID: tt1450334 number 71 of 250 Started at 21:31:27 ETA: 21:41:20"
[1] "Old Movie Update ID: tt1636179 number 72 of 250 Started at 21:31:27 ETA: 21:41:19"
[1] "Old Movie Update ID: tt1865543 number 73 of 250 Started at 21:31:27 ETA: 21:41:21"
[1] "Old Movie Update ID: tt2288037 number 74 of 250 Started at 21:31:27 ETA: 21:41:23"
[1] "Old Movie Update ID: tt0115634 number 75 of 250 Started at 21:31:27 ETA: 21:41:23"
[1] "Old Movie Update ID: tt0250824 number 76 of 250 Started at 21:31:27 ETA: 21:41:22"
[1] "Old Movie Update ID: tt0697759 number 77 of 250 Started at 21:31:27 ETA: 21:41:21"
[1] "Old Movie Update ID: tt5143564 number 78 of 250 Started at 21:31:27 ETA: 21:41:20"
[1] "Old Movie Update ID: tt0701101 number 79 of 250 Started at 21:31:27 ETA: 21:41:24"
[1] "Old Movie Update ID: tt2573094 number 80 of 250 Started at 21:31:27 ETA: 21:41:24"
[1] "Old Movie Update ID: tt3865210 number 81 of 250 Started at 21:31:27 ETA: 21:41:23"
[1] "Old Movie Update ID: tt0519573 number 82 of 250 Started at 21:31:27 ETA: 21:41:23"
[1] "Old Movie Update ID: tt0576913 number 83 of 250 Started at 21:31:27 ETA: 21:41:23"
[1] "Old Movie Update ID: tt0701049 number 84 of 250 Started at 21:31:27 ETA: 21:41:25"
[1] "Old Movie Update ID: tt0716890 number 85 of 250 Started at 21:31:27 ETA: 21:41:25"
[1] "Old Movie Update ID: tt0291492 number 86 of 250 Started at 21:31:27 ETA: 21:41:25"
[1] "Old Movie Update ID: tt0795363 number 87 of 250 Started at 21:31:27 ETA: 21:41:25"
[1] "Old Movie Update ID: tt0021738 number 88 of 250 Started at 21:31:27 ETA: 21:41:36"
[1] "Old Movie Update ID: tt0439335 number 89 of 250 Started at 21:31:27 ETA: 21:41:36"
[1] "Old Movie Update ID: tt0213309 number 90 of 250 Started at 21:31:27 ETA: 21:41:36"
[1] "Old Movie Update ID: tt0576926 number 91 of 250 Started at 21:31:27 ETA: 21:41:35"
[1] "Old Movie Update ID: tt2089249 number 92 of 250 Started at 21:31:27 ETA: 21:41:34"
[1] "Old Movie Update ID: tt0007761 number 93 of 250 Started at 21:31:27 ETA: 21:41:34"
[1] "Old Movie Update ID: tt0519584 number 94 of 250 Started at 21:31:27 ETA: 21:41:34"
[1] "Old Movie Update ID: tt1320785 number 95 of 250 Started at 21:31:27 ETA: 21:41:34"
[1] "Old Movie Update ID: tt0117086 number 96 of 250 Started at 21:31:27 ETA: 21:41:36"
[1] "Old Movie Update ID: tt0135179 number 97 of 250 Started at 21:31:27 ETA: 21:41:35"
[1] "Old Movie Update ID: tt0697716 number 98 of 250 Started at 21:31:27 ETA: 21:41:34"
[1] "Old Movie Update ID: tt0697732 number 99 of 250 Started at 21:31:27 ETA: 21:41:33"
[1] "Old Movie Update ID: tt0781978 number 100 of 250 Started at 21:31:27 ETA: 21:41:33"
[1] "Old Movie Update ID: tt2040800 number 101 of 250 Started at 21:31:27 ETA: 21:41:33"
[1] "Old Movie Update ID: tt2187205 number 102 of 250 Started at 21:31:27 ETA: 21:41:32"
[1] "Old Movie Update ID: tt3577058 number 103 of 250 Started at 21:31:27 ETA: 21:41:34"
[1] "Old Movie Update ID: tt0131468 number 104 of 250 Started at 21:31:27 ETA: 21:41:32"
[1] "Old Movie Update ID: tt0697699 number 105 of 250 Started at 21:31:27 ETA: 21:41:32"
[1] "Old Movie Update ID: tt0701143 number 106 of 250 Started at 21:31:27 ETA: 21:41:32"
[1] "Old Movie Update ID: tt1579932 number 107 of 250 Started at 21:31:27 ETA: 21:41:32"
[1] "Old Movie Update ID: tt2305713 number 108 of 250 Started at 21:31:27 ETA: 21:41:32"
[1] "Old Movie Update ID: tt2362724 number 109 of 250 Started at 21:31:27 ETA: 21:41:33"
[1] "Old Movie Update ID: tt3859534 number 110 of 250 Started at 21:31:27 ETA: 21:41:33"
[1] "Old Movie Update ID: tt0286704 number 111 of 250 Started at 21:31:27 ETA: 21:41:33"
[1] "Old Movie Update ID: tt0519585 number 112 of 250 Started at 21:31:27 ETA: 21:41:32"
[1] "Old Movie Update ID: tt0584440 number 113 of 250 Started at 21:31:27 ETA: 21:41:32"
[1] "Old Movie Update ID: tt0697670 number 114 of 250 Started at 21:31:27 ETA: 21:41:33"
[1] "Old Movie Update ID: tt0697811 number 115 of 250 Started at 21:31:27 ETA: 21:41:33"
[1] "Old Movie Update ID: tt1039932 number 116 of 250 Started at 21:31:27 ETA: 21:41:33"
[1] "Old Movie Update ID: tt1062205 number 117 of 250 Started at 21:31:27 ETA: 21:41:33"
[1] "Old Movie Update ID: tt1866227 number 118 of 250 Started at 21:31:27 ETA: 21:41:33"
[1] "Old Movie Update ID: tt2087381 number 119 of 250 Started at 21:31:27 ETA: 21:41:35"
[1] "Old Movie Update ID: tt0576953 number 120 of 250 Started at 21:31:27 ETA: 21:41:34"
[1] "Old Movie Update ID: tt1814642 number 121 of 250 Started at 21:31:27 ETA: 21:41:34"
[1] "Old Movie Update ID: tt3237940 number 122 of 250 Started at 21:31:27 ETA: 21:41:34"
[1] "Old Movie Update ID: tt0476036 number 123 of 250 Started at 21:31:27 ETA: 21:41:34"
[1] "Old Movie Update ID: tt0734561 number 124 of 250 Started at 21:31:27 ETA: 21:41:35"
[1] "Old Movie Update ID: tt0734608 number 125 of 250 Started at 21:31:27 ETA: 21:41:35"
[1] "Old Movie Update ID: tt1157658 number 126 of 250 Started at 21:31:27 ETA: 21:41:34"
[1] "Old Movie Update ID: tt1621984 number 127 of 250 Started at 21:31:27 ETA: 21:41:35"
[1] "Old Movie Update ID: tt3054596 number 128 of 250 Started at 21:31:27 ETA: 21:41:35"
[1] "Old Movie Update ID: tt4242870 number 129 of 250 Started at 21:31:27 ETA: 21:41:35"
[1] "Old Movie Update ID: tt0562828 number 130 of 250 Started at 21:31:27 ETA: 21:41:35"
[1] "Old Movie Update ID: tt0701272 number 131 of 250 Started at 21:31:27 ETA: 21:41:36"
[1] "Old Movie Update ID: tt0734573 number 132 of 250 Started at 21:31:27 ETA: 21:41:36"
[1] "Old Movie Update ID: tt0817466 number 133 of 250 Started at 21:31:27 ETA: 21:41:37"
[1] "Old Movie Update ID: tt2156103 number 134 of 250 Started at 21:31:27 ETA: 21:41:36"
[1] "Old Movie Update ID: tt0697672 number 135 of 250 Started at 21:31:27 ETA: 21:41:35"
[1] "Old Movie Update ID: tt0734631 number 136 of 250 Started at 21:31:27 ETA: 21:41:36"
[1] "Old Movie Update ID: tt0996614 number 137 of 250 Started at 21:31:27 ETA: 21:41:37"
[1] "Old Movie Update ID: tt3802848 number 138 of 250 Started at 21:31:27 ETA: 21:41:37"
[1] "Old Movie Update ID: tt0701231 number 139 of 250 Started at 21:31:27 ETA: 21:41:37"
[1] "Old Movie Update ID: tt0378918 number 140 of 250 Started at 21:31:27 ETA: 21:41:36"
[1] "Old Movie Update ID: tt0697687 number 141 of 250 Started at 21:31:27 ETA: 21:41:36"
[1] "Old Movie Update ID: tt0697803 number 142 of 250 Started at 21:31:27 ETA: 21:41:35"
[1] "Old Movie Update ID: tt1824276 number 143 of 250 Started at 21:31:27 ETA: 21:41:36"
[1] "Old Movie Update ID: tt0697649 number 144 of 250 Started at 21:31:27 ETA: 21:41:37"
[1] "Old Movie Update ID: tt0000026 number 145 of 250 Started at 21:31:27 ETA: 21:41:36"
[1] "Old Movie Update ID: tt0206656 number 146 of 250 Started at 21:31:27 ETA: 21:41:36"
[1] "Old Movie Update ID: tt0734662 number 147 of 250 Started at 21:31:27 ETA: 21:41:36"
[1] "Old Movie Update ID: tt0756893 number 148 of 250 Started at 21:31:27 ETA: 21:41:37"
[1] "Old Movie Update ID: tt3031772 number 149 of 250 Started at 21:31:27 ETA: 21:41:36"
[1] "Old Movie Update ID: tt0268761 number 150 of 250 Started at 21:31:27 ETA: 21:41:36"
[1] "Old Movie Update ID: tt2065492 number 151 of 250 Started at 21:31:27 ETA: 21:41:35"
[1] "Old Movie Update ID: tt2586840 number 152 of 250 Started at 21:31:27 ETA: 21:41:37"
[1] "Old Movie Update ID: tt0109036 number 153 of 250 Started at 21:31:27 ETA: 21:41:37"
[1] "Old Movie Update ID: tt0122498 number 154 of 250 Started at 21:31:27 ETA: 21:41:36"
[1] "Old Movie Update ID: tt4063326 number 155 of 250 Started at 21:31:27 ETA: 21:41:36"
[1] "Old Movie Update ID: tt4073070 number 156 of 250 Started at 21:31:27 ETA: 21:41:36"
[1] "Old Movie Update ID: tt4633480 number 157 of 250 Started at 21:31:27 ETA: 21:41:35"
[1] "Old Movie Update ID: tt3609484 number 158 of 250 Started at 21:31:27 ETA: 21:41:36"
[1] "Old Movie Update ID: tt0757482 number 159 of 250 Started at 21:31:27 ETA: 21:41:37"
[1] "Old Movie Update ID: tt1509756 number 160 of 250 Started at 21:31:27 ETA: 21:41:37"
[1] "Old Movie Update ID: tt6878636 number 161 of 250 Started at 21:31:27 ETA: 21:41:36"
[1] "Old Movie Update ID: tt0701102 number 162 of 250 Started at 21:31:27 ETA: 21:41:36"
[1] "Old Movie Update ID: tt2062677 number 163 of 250 Started at 21:31:27 ETA: 21:41:36"
[1] "Old Movie Update ID: tt0025591 number 164 of 250 Started at 21:31:27 ETA: 21:41:35"
[1] "Old Movie Update ID: tt0572410 number 165 of 250 Started at 21:31:27 ETA: 21:41:36"
[1] "Old Movie Update ID: tt0697659 number 166 of 250 Started at 21:31:27 ETA: 21:41:37"
[1] "Old Movie Update ID: tt0697774 number 167 of 250 Started at 21:31:27 ETA: 21:41:36"
[1] "Old Movie Update ID: tt0697807 number 168 of 250 Started at 21:31:27 ETA: 21:41:36"
[1] "Old Movie Update ID: tt1107835 number 169 of 250 Started at 21:31:27 ETA: 21:41:35"
[1] "Old Movie Update ID: tt1408574 number 170 of 250 Started at 21:31:27 ETA: 21:41:36"
[1] "Old Movie Update ID: tt0046442 number 171 of 250 Started at 21:31:27 ETA: 21:41:36"
[1] "Old Movie Update ID: tt3797658 number 172 of 250 Started at 21:31:27 ETA: 21:41:37"
[1] "Old Movie Update ID: tt3797654 number 173 of 250 Started at 21:31:27 ETA: 21:41:38"
[1] "Old Movie Update ID: tt2280344 number 174 of 250 Started at 21:31:27 ETA: 21:41:37"
[1] "Old Movie Update ID: tt0414084 number 175 of 250 Started at 21:31:27 ETA: 21:41:37"
[1] "Old Movie Update ID: tt0697694 number 176 of 250 Started at 21:31:27 ETA: 21:41:36"
[1] "Old Movie Update ID: tt0697727 number 177 of 250 Started at 21:31:27 ETA: 21:41:36"
[1] "Old Movie Update ID: tt3313076 number 178 of 250 Started at 21:31:27 ETA: 21:41:36"
[1] "Old Movie Update ID: tt0803038 number 179 of 250 Started at 21:31:27 ETA: 21:41:36"
[1] "Old Movie Update ID: tt1630894 number 180 of 250 Started at 21:31:27 ETA: 21:41:36"
[1] "Old Movie Update ID: tt0395252 number 181 of 250 Started at 21:31:27 ETA: 21:41:35"
[1] "Old Movie Update ID: tt0734650 number 182 of 250 Started at 21:31:27 ETA: 21:41:35"
[1] "Old Movie Update ID: tt1305015 number 183 of 250 Started at 21:31:27 ETA: 21:41:35"
[1] "Old Movie Update ID: tt2183551 number 184 of 250 Started at 21:31:27 ETA: 21:41:35"
[1] "Old Movie Update ID: tt2268100 number 185 of 250 Started at 21:31:27 ETA: 21:41:35"
[1] "Old Movie Update ID: tt4236886 number 186 of 250 Started at 21:31:27 ETA: 21:41:37"
[1] "Old Movie Update ID: tt5218420 number 187 of 250 Started at 21:31:27 ETA: 21:41:36"
[1] "Old Movie Update ID: tt3682604 number 188 of 250 Started at 21:31:27 ETA: 21:41:37"
[1] "Old Movie Update ID: tt0182225 number 189 of 250 Started at 21:31:27 ETA: 21:41:37"
[1] "Old Movie Update ID: tt0576961 number 190 of 250 Started at 21:31:27 ETA: 21:41:36"
[1] "Old Movie Update ID: tt1329663 number 191 of 250 Started at 21:31:27 ETA: 21:41:36"
[1] "Old Movie Update ID: tt2452050 number 192 of 250 Started at 21:31:27 ETA: 21:41:37"
[1] "Old Movie Update ID: tt3572740 number 193 of 250 Started at 21:31:27 ETA: 21:41:37"
[1] "Old Movie Update ID: tt0697700 number 194 of 250 Started at 21:31:27 ETA: 21:41:38"
[1] "Old Movie Update ID: tt0701111 number 195 of 250 Started at 21:31:27 ETA: 21:41:38"
[1] "Old Movie Update ID: tt3116354 number 196 of 250 Started at 21:31:27 ETA: 21:41:38"
[1] "Old Movie Update ID: tt3797660 number 197 of 250 Started at 21:31:27 ETA: 21:41:40"
[1] "Old Movie Update ID: tt0006032 number 198 of 250 Started at 21:31:27 ETA: 21:41:40"
[1] "Old Movie Update ID: tt0019504 number 199 of 250 Started at 21:31:27 ETA: 21:41:39"
[1] "Old Movie Update ID: tt0190076 number 200 of 250 Started at 21:31:27 ETA: 21:41:39"
[1] "Old Movie Update ID: tt0295203 number 201 of 250 Started at 21:31:27 ETA: 21:41:40"
[1] "Old Movie Update ID: tt0701181 number 202 of 250 Started at 21:31:27 ETA: 21:41:40"
[1] "Old Movie Update ID: tt2268124 number 203 of 250 Started at 21:31:27 ETA: 21:41:40"
[1] "Old Movie Update ID: tt5699202 number 204 of 250 Started at 21:31:27 ETA: 21:41:39"
[1] "Old Movie Update ID: tt0052338 number 205 of 250 Started at 21:31:27 ETA: 21:41:40"
[1] "Old Movie Update ID: tt0696613 number 206 of 250 Started at 21:31:27 ETA: 21:41:39"
[1] "Old Movie Update ID: tt1111176 number 207 of 250 Started at 21:31:27 ETA: 21:41:39"
[1] "Old Movie Update ID: tt0381851 number 208 of 250 Started at 21:31:27 ETA: 21:41:39"
[1] "Old Movie Update ID: tt0576929 number 209 of 250 Started at 21:31:27 ETA: 21:41:38"
[1] "Old Movie Update ID: tt0756889 number 210 of 250 Started at 21:31:27 ETA: 21:41:38"
[1] "Old Movie Update ID: tt1027715 number 211 of 250 Started at 21:31:27 ETA: 21:41:38"
[1] "Old Movie Update ID: tt0292497 number 212 of 250 Started at 21:31:27 ETA: 21:41:39"
[1] "Old Movie Update ID: tt1320788 number 213 of 250 Started at 21:31:27 ETA: 21:41:38"
[1] "Old Movie Update ID: tt0028275 number 214 of 250 Started at 21:31:27 ETA: 21:41:38"
[1] "Old Movie Update ID: tt0397040 number 215 of 250 Started at 21:31:27 ETA: 21:41:38"
[1] "Old Movie Update ID: tt3682600 number 216 of 250 Started at 21:31:27 ETA: 21:41:38"
[1] "Old Movie Update ID: tt0368730 number 217 of 250 Started at 21:31:27 ETA: 21:41:37"
[1] "Old Movie Update ID: tt0435031 number 218 of 250 Started at 21:31:27 ETA: 21:41:38"
[1] "Old Movie Update ID: tt0576950 number 219 of 250 Started at 21:31:27 ETA: 21:41:39"
[1] "Old Movie Update ID: tt0584434 number 220 of 250 Started at 21:31:27 ETA: 21:41:40"
[1] "Old Movie Update ID: tt0697780 number 221 of 250 Started at 21:31:27 ETA: 21:41:40"
[1] "Old Movie Update ID: tt0936494 number 222 of 250 Started at 21:31:27 ETA: 21:41:39"
[1] "Old Movie Update ID: tt0146367 number 223 of 250 Started at 21:31:27 ETA: 21:41:39"
[1] "Old Movie Update ID: tt0384222 number 224 of 250 Started at 21:31:27 ETA: 21:41:39"
[1] "Old Movie Update ID: tt0757483 number 225 of 250 Started at 21:31:27 ETA: 21:41:39"
[1] "Old Movie Update ID: tt6078822 number 226 of 250 Started at 21:31:27 ETA: 21:41:39"
[1] "Old Movie Update ID: tt0051952 number 227 of 250 Started at 21:31:27 ETA: 21:41:39"
[1] "Old Movie Update ID: tt0701177 number 228 of 250 Started at 21:31:27 ETA: 21:41:39"
[1] "Old Movie Update ID: tt0701251 number 229 of 250 Started at 21:31:27 ETA: 21:41:38"
[1] "Old Movie Update ID: tt5218400 number 230 of 250 Started at 21:31:27 ETA: 21:41:38"
[1] "Old Movie Update ID: tt0584428 number 231 of 250 Started at 21:31:27 ETA: 21:41:39"
[1] "Old Movie Update ID: tt2305715 number 232 of 250 Started at 21:31:27 ETA: 21:41:38"
[1] "Old Movie Update ID: tt0519611 number 233 of 250 Started at 21:31:27 ETA: 21:41:38"
[1] "Old Movie Update ID: tt2303805 number 234 of 250 Started at 21:31:27 ETA: 21:41:38"
[1] "Old Movie Update ID: tt0102481 number 235 of 250 Started at 21:31:27 ETA: 21:41:38"
[1] "Old Movie Update ID: tt2404438 number 236 of 250 Started at 21:31:27 ETA: 21:41:38"
[1] "Old Movie Update ID: tt0982036 number 237 of 250 Started at 21:31:27 ETA: 21:41:39"
[1] "Old Movie Update ID: tt2268112 number 238 of 250 Started at 21:31:27 ETA: 21:41:39"
[1] "Old Movie Update ID: tt2459378 number 239 of 250 Started at 21:31:27 ETA: 21:41:39"
[1] "Old Movie Update ID: tt0769542 number 240 of 250 Started at 21:31:27 ETA: 21:41:39"
[1] "Old Movie Update ID: tt3292104 number 241 of 250 Started at 21:31:27 ETA: 21:41:41"
[1] "Old Movie Update ID: tt3675476 number 242 of 250 Started at 21:31:27 ETA: 21:41:40"
[1] "Old Movie Update ID: tt0245097 number 243 of 250 Started at 21:31:27 ETA: 21:41:40"
[1] "Old Movie Update ID: tt0472242 number 244 of 250 Started at 21:31:27 ETA: 21:41:40"
[1] "Old Movie Update ID: tt0576973 number 245 of 250 Started at 21:31:27 ETA: 21:41:40"
[1] "Old Movie Update ID: tt0988810 number 246 of 250 Started at 21:31:27 ETA: 21:41:40"
[1] "Old Movie Update ID: tt0701075 number 247 of 250 Started at 21:31:27 ETA: 21:41:41"
[1] "Old Movie Update ID: tt5218500 number 248 of 250 Started at 21:31:27 ETA: 21:41:41"
[1] "Old Movie Update ID: tt0576920 number 249 of 250 Started at 21:31:27 ETA: 21:41:41"
[1] "Old Movie Update ID: tt0433577 number 250 of 250 Started at 21:31:27 ETA: 21:41:41"
[1] "Fit Model ID: tt0000026 number 155828 of 156216 at time 21:42:07 Start: 21:42:01 ETA: 21:51:28"
[1] "Fit Model ID: tt0003961 number 155829 of 156216 at time 21:42:09 Start: 21:42:01 ETA: 22:02:11"
[1] "Fit Model ID: tt0004284 number 155830 of 156216 at time 21:42:10 Start: 21:42:01 ETA: 21:59:30"
[1] "Fit Model ID: tt0006032 number 155831 of 156216 at time 21:42:12 Start: 21:42:01 ETA: 21:57:09"
[1] "Fit Model ID: tt0007761 number 155832 of 156216 at time 21:42:15 Start: 21:42:01 ETA: 21:56:59"
[1] "Fit Model ID: tt0019504 number 155833 of 156216 at time 21:42:17 Start: 21:42:01 ETA: 21:57:36"
[1] "Fit Model ID: tt0020264 number 155834 of 156216 at time 21:42:19 Start: 21:42:01 ETA: 21:57:24"
[1] "Fit Model ID: tt0021182 number 155835 of 156216 at time 21:42:21 Start: 21:42:01 ETA: 21:56:45"
[1] "Fit Model ID: tt0021738 number 155836 of 156216 at time 21:42:23 Start: 21:42:01 ETA: 21:56:37"
[1] "Fit Model ID: tt0025591 number 155837 of 156216 at time 21:42:25 Start: 21:42:01 ETA: 21:56:31"
[1] "Fit Model ID: tt0028275 number 155838 of 156216 at time 21:42:27 Start: 21:42:01 ETA: 21:56:00"
[1] "Fit Model ID: tt0034889 number 155839 of 156216 at time 21:42:29 Start: 21:42:01 ETA: 21:55:56"
[1] "Fit Model ID: tt0035836 number 155840 of 156216 at time 21:42:30 Start: 21:42:01 ETA: 21:56:03"
[1] "Fit Model ID: tt0040622 number 155841 of 156216 at time 21:42:32 Start: 21:42:01 ETA: 21:55:37"
[1] "Fit Model ID: tt0046442 number 155842 of 156216 at time 21:42:34 Start: 21:42:01 ETA: 21:55:31"
[1] "Fit Model ID: tt0051952 number 155843 of 156216 at time 21:42:35 Start: 21:42:01 ETA: 21:55:30"
[1] "Fit Model ID: tt0052338 number 155844 of 156216 at time 21:42:38 Start: 21:42:01 ETA: 21:55:14"
[1] "Fit Model ID: tt0068304 number 155845 of 156216 at time 21:42:40 Start: 21:42:01 ETA: 21:55:18"
[1] "Fit Model ID: tt0068646 number 155846 of 156216 at time 21:42:43 Start: 21:42:01 ETA: 21:55:29"
[1] "Fit Model ID: tt0069786 number 155847 of 156216 at time 21:42:45 Start: 21:42:01 ETA: 21:55:41"
[1] "Fit Model ID: tt0083844 number 155848 of 156216 at time 21:42:47 Start: 21:42:01 ETA: 21:55:44"
[1] "Fit Model ID: tt0086013 number 155849 of 156216 at time 21:42:47 Start: 21:42:01 ETA: 21:55:29"
[1] "Fit Model ID: tt0095560 number 155850 of 156216 at time 21:42:49 Start: 21:42:01 ETA: 21:55:06"
[1] "Fit Model ID: tt0096341 number 155851 of 156216 at time 21:42:49 Start: 21:42:01 ETA: 21:54:54"
[1] "Fit Model ID: tt0102481 number 155852 of 156216 at time 21:42:50 Start: 21:42:01 ETA: 21:54:33"
[1] "Fit Model ID: tt0102926 number 155853 of 156216 at time 21:42:52 Start: 21:42:01 ETA: 21:54:15"
[1] "Fit Model ID: tt0103639 number 155854 of 156216 at time 21:42:54 Start: 21:42:01 ETA: 21:54:18"
[1] "Fit Model ID: tt0108052 number 155855 of 156216 at time 21:42:56 Start: 21:42:01 ETA: 21:54:26"
[1] "Fit Model ID: tt0108778 number 155856 of 156216 at time 21:42:58 Start: 21:42:01 ETA: 21:54:28"
[1] "Fit Model ID: tt0109036 number 155857 of 156216 at time 21:43:00 Start: 21:42:01 ETA: 21:54:27"
[1] "Fit Model ID: tt0109830 number 155858 of 156216 at time 21:43:00 Start: 21:42:01 ETA: 21:54:20"
[1] "Fit Model ID: tt0110912 number 155859 of 156216 at time 21:43:01 Start: 21:42:01 ETA: 21:54:06"
[1] "Fit Model ID: tt0111161 number 155860 of 156216 at time 21:43:04 Start: 21:42:01 ETA: 21:53:54"
[1] "Fit Model ID: tt0113449 number 155861 of 156216 at time 21:43:06 Start: 21:42:01 ETA: 21:54:02"
[1] "Fit Model ID: tt0114369 number 155862 of 156216 at time 21:43:08 Start: 21:42:01 ETA: 21:54:01"
[1] "Fit Model ID: tt0114489 number 155863 of 156216 at time 21:43:08 Start: 21:42:01 ETA: 21:54:04"
[1] "Fit Model ID: tt0115634 number 155864 of 156216 at time 21:43:10 Start: 21:42:01 ETA: 21:53:50"
[1] "Fit Model ID: tt0117086 number 155865 of 156216 at time 21:43:12 Start: 21:42:01 ETA: 21:53:45"
[1] "Fit Model ID: tt0120689 number 155866 of 156216 at time 21:43:14 Start: 21:42:01 ETA: 21:53:50"
[1] "Fit Model ID: tt0120737 number 155867 of 156216 at time 21:43:15 Start: 21:42:01 ETA: 21:53:55"
[1] "Fit Model ID: tt0120815 number 155868 of 156216 at time 21:43:17 Start: 21:42:01 ETA: 21:53:45"
[1] "Fit Model ID: tt0122498 number 155869 of 156216 at time 21:43:20 Start: 21:42:01 ETA: 21:53:49"
[1] "Fit Model ID: tt0131468 number 155870 of 156216 at time 21:43:22 Start: 21:42:01 ETA: 21:53:56"
[1] "Fit Model ID: tt0133093 number 155871 of 156216 at time 21:43:23 Start: 21:42:01 ETA: 21:54:03"
[1] "Fit Model ID: tt0135179 number 155872 of 156216 at time 21:43:25 Start: 21:42:01 ETA: 21:53:54"
[1] "Fit Model ID: tt0137523 number 155873 of 156216 at time 21:43:26 Start: 21:42:01 ETA: 21:53:55"
[1] "Fit Model ID: tt0146367 number 155874 of 156216 at time 21:43:28 Start: 21:42:01 ETA: 21:53:47"
[1] "Fit Model ID: tt0167260 number 155875 of 156216 at time 21:43:30 Start: 21:42:01 ETA: 21:53:50"
[1] "Fit Model ID: tt0167261 number 155876 of 156216 at time 21:43:31 Start: 21:42:01 ETA: 21:53:49"
[1] "Fit Model ID: tt0172495 number 155877 of 156216 at time 21:43:33 Start: 21:42:01 ETA: 21:53:42"
[1] "Fit Model ID: tt0182225 number 155878 of 156216 at time 21:43:34 Start: 21:42:01 ETA: 21:53:45"
[1] "Fit Model ID: tt0185906 number 155879 of 156216 at time 21:43:38 Start: 21:42:01 ETA: 21:53:41"
[1] "Fit Model ID: tt0190076 number 155880 of 156216 at time 21:43:40 Start: 21:42:01 ETA: 21:53:57"
[1] "Fit Model ID: tt0206656 number 155881 of 156216 at time 21:43:42 Start: 21:42:01 ETA: 21:53:54"
[1] "Fit Model ID: tt0213309 number 155882 of 156216 at time 21:43:44 Start: 21:42:01 ETA: 21:53:56"
[1] "Fit Model ID: tt0243971 number 155883 of 156216 at time 21:43:45 Start: 21:42:01 ETA: 21:53:58"
[1] "Fit Model ID: tt0245097 number 155884 of 156216 at time 21:43:47 Start: 21:42:01 ETA: 21:53:49"
[1] "Fit Model ID: tt0250824 number 155885 of 156216 at time 21:43:48 Start: 21:42:01 ETA: 21:53:51"
[1] "Fit Model ID: tt0251333 number 155886 of 156216 at time 21:43:51 Start: 21:42:01 ETA: 21:53:51"
[1] "Fit Model ID: tt0256019 number 155887 of 156216 at time 21:43:53 Start: 21:42:01 ETA: 21:53:53"
[1] "Fit Model ID: tt0268761 number 155888 of 156216 at time 21:43:54 Start: 21:42:01 ETA: 21:53:53"
[1] "Fit Model ID: tt0283326 number 155889 of 156216 at time 21:43:56 Start: 21:42:01 ETA: 21:53:52"
[1] "Fit Model ID: tt0286704 number 155890 of 156216 at time 21:43:57 Start: 21:42:01 ETA: 21:53:55"
[1] "Fit Model ID: tt0291492 number 155891 of 156216 at time 21:43:59 Start: 21:42:01 ETA: 21:53:47"
[1] "Fit Model ID: tt0292497 number 155892 of 156216 at time 21:44:01 Start: 21:42:01 ETA: 21:53:46"
[1] "Fit Model ID: tt0295203 number 155893 of 156216 at time 21:44:02 Start: 21:42:01 ETA: 21:53:48"
[1] "Fit Model ID: tt0310011 number 155894 of 156216 at time 21:44:04 Start: 21:42:01 ETA: 21:53:45"
[1] "Fit Model ID: tt0368730 number 155895 of 156216 at time 21:44:05 Start: 21:42:01 ETA: 21:53:45"
[1] "Fit Model ID: tt0371746 number 155896 of 156216 at time 21:44:07 Start: 21:42:01 ETA: 21:53:39"
[1] "Fit Model ID: tt0378918 number 155897 of 156216 at time 21:44:08 Start: 21:42:01 ETA: 21:53:41"
[1] "Fit Model ID: tt0381851 number 155898 of 156216 at time 21:44:09 Start: 21:42:01 ETA: 21:53:37"
[1] "Fit Model ID: tt0384222 number 155899 of 156216 at time 21:44:10 Start: 21:42:01 ETA: 21:53:36"
[1] "Fit Model ID: tt0395252 number 155900 of 156216 at time 21:44:12 Start: 21:42:01 ETA: 21:53:30"
[1] "Fit Model ID: tt0397040 number 155901 of 156216 at time 21:44:14 Start: 21:42:01 ETA: 21:53:31"
[1] "Fit Model ID: tt0414084 number 155902 of 156216 at time 21:44:15 Start: 21:42:01 ETA: 21:53:29"
[1] "Fit Model ID: tt0433577 number 155903 of 156216 at time 21:44:16 Start: 21:42:01 ETA: 21:53:29"
[1] "Fit Model ID: tt0435031 number 155904 of 156216 at time 21:44:18 Start: 21:42:01 ETA: 21:53:26"
[1] "Fit Model ID: tt0439335 number 155905 of 156216 at time 21:44:20 Start: 21:42:01 ETA: 21:53:26"
[1] "Fit Model ID: tt0448115 number 155906 of 156216 at time 21:44:22 Start: 21:42:01 ETA: 21:53:24"
[1] "Fit Model ID: tt0468569 number 155907 of 156216 at time 21:44:24 Start: 21:42:01 ETA: 21:53:27"
[1] "Fit Model ID: tt0472242 number 155908 of 156216 at time 21:44:25 Start: 21:42:01 ETA: 21:53:28"
[1] "Fit Model ID: tt0475784 number 155909 of 156216 at time 21:44:27 Start: 21:42:01 ETA: 21:53:24"
[1] "Fit Model ID: tt0476036 number 155910 of 156216 at time 21:44:29 Start: 21:42:01 ETA: 21:53:26"
[1] "Fit Model ID: tt0519573 number 155911 of 156216 at time 21:44:31 Start: 21:42:01 ETA: 21:53:27"
[1] "Fit Model ID: tt0519584 number 155912 of 156216 at time 21:44:33 Start: 21:42:01 ETA: 21:53:26"
[1] "Fit Model ID: tt0519585 number 155913 of 156216 at time 21:44:35 Start: 21:42:01 ETA: 21:53:28"
[1] "Fit Model ID: tt0519599 number 155914 of 156216 at time 21:44:37 Start: 21:42:01 ETA: 21:53:30"
[1] "Fit Model ID: tt0519611 number 155915 of 156216 at time 21:44:38 Start: 21:42:01 ETA: 21:53:31"
[1] "Fit Model ID: tt0519633 number 155916 of 156216 at time 21:44:40 Start: 21:42:01 ETA: 21:53:29"
[1] "Fit Model ID: tt0562828 number 155917 of 156216 at time 21:44:42 Start: 21:42:01 ETA: 21:53:31"
[1] "Fit Model ID: tt0572410 number 155918 of 156216 at time 21:44:44 Start: 21:42:01 ETA: 21:53:29"
[1] "Fit Model ID: tt0576913 number 155919 of 156216 at time 21:44:46 Start: 21:42:01 ETA: 21:53:30"
[1] "Fit Model ID: tt0576917 number 155920 of 156216 at time 21:44:49 Start: 21:42:01 ETA: 21:53:32"
[1] "Fit Model ID: tt0576920 number 155921 of 156216 at time 21:44:50 Start: 21:42:01 ETA: 21:53:35"
[1] "Fit Model ID: tt0576926 number 155922 of 156216 at time 21:44:52 Start: 21:42:01 ETA: 21:53:33"
[1] "Fit Model ID: tt0576929 number 155923 of 156216 at time 21:44:54 Start: 21:42:01 ETA: 21:53:35"
[1] "Fit Model ID: tt0576936 number 155924 of 156216 at time 21:44:57 Start: 21:42:01 ETA: 21:53:36"
[1] "Fit Model ID: tt0576939 number 155925 of 156216 at time 21:44:58 Start: 21:42:01 ETA: 21:53:39"
[1] "Fit Model ID: tt0576950 number 155926 of 156216 at time 21:45:01 Start: 21:42:01 ETA: 21:53:37"
[1] "Fit Model ID: tt0576953 number 155927 of 156216 at time 21:45:03 Start: 21:42:01 ETA: 21:53:42"
[1] "Fit Model ID: tt0576955 number 155928 of 156216 at time 21:45:05 Start: 21:42:01 ETA: 21:53:43"
[1] "Fit Model ID: tt0576961 number 155929 of 156216 at time 21:45:07 Start: 21:42:01 ETA: 21:53:44"
[1] "Fit Model ID: tt0576973 number 155930 of 156216 at time 21:45:11 Start: 21:42:01 ETA: 21:53:44"
[1] "Fit Model ID: tt0584428 number 155931 of 156216 at time 21:45:12 Start: 21:42:01 ETA: 21:53:52"
[1] "Fit Model ID: tt0584434 number 155932 of 156216 at time 21:45:15 Start: 21:42:01 ETA: 21:53:51"
[1] "Fit Model ID: tt0584436 number 155933 of 156216 at time 21:45:17 Start: 21:42:01 ETA: 21:53:52"
[1] "Fit Model ID: tt0584440 number 155934 of 156216 at time 21:45:19 Start: 21:42:01 ETA: 21:53:53"
[1] "Fit Model ID: tt0584450 number 155935 of 156216 at time 21:45:22 Start: 21:42:01 ETA: 21:53:56"
[1] "Fit Model ID: tt0584452 number 155936 of 156216 at time 21:45:23 Start: 21:42:01 ETA: 21:53:58"
[1] "Fit Model ID: tt0584454 number 155937 of 156216 at time 21:45:25 Start: 21:42:01 ETA: 21:53:57"
[1] "Fit Model ID: tt0584461 number 155938 of 156216 at time 21:45:28 Start: 21:42:01 ETA: 21:53:57"
[1] "Fit Model ID: tt0664508 number 155939 of 156216 at time 21:45:29 Start: 21:42:01 ETA: 21:54:00"
[1] "Fit Model ID: tt0696613 number 155940 of 156216 at time 21:45:31 Start: 21:42:01 ETA: 21:53:58"
[1] "Fit Model ID: tt0697649 number 155941 of 156216 at time 21:45:33 Start: 21:42:01 ETA: 21:53:57"
[1] "Fit Model ID: tt0697651 number 155942 of 156216 at time 21:45:34 Start: 21:42:01 ETA: 21:53:58"
[1] "Fit Model ID: tt0697659 number 155943 of 156216 at time 21:45:36 Start: 21:42:01 ETA: 21:53:57"
[1] "Fit Model ID: tt0697670 number 155944 of 156216 at time 21:45:38 Start: 21:42:01 ETA: 21:53:57"
[1] "Fit Model ID: tt0697672 number 155945 of 156216 at time 21:45:40 Start: 21:42:01 ETA: 21:53:56"
[1] "Fit Model ID: tt0697685 number 155946 of 156216 at time 21:45:42 Start: 21:42:01 ETA: 21:53:57"
[1] "Fit Model ID: tt0697687 number 155947 of 156216 at time 21:45:44 Start: 21:42:01 ETA: 21:53:58"
[1] "Fit Model ID: tt0697688 number 155948 of 156216 at time 21:45:46 Start: 21:42:01 ETA: 21:54:00"
[1] "Fit Model ID: tt0697694 number 155949 of 156216 at time 21:45:48 Start: 21:42:01 ETA: 21:53:59"
[1] "Fit Model ID: tt0697699 number 155950 of 156216 at time 21:45:50 Start: 21:42:01 ETA: 21:54:00"
[1] "Fit Model ID: tt0697700 number 155951 of 156216 at time 21:45:52 Start: 21:42:01 ETA: 21:54:00"
[1] "Fit Model ID: tt0697716 number 155952 of 156216 at time 21:45:54 Start: 21:42:01 ETA: 21:53:59"
[1] "Fit Model ID: tt0697727 number 155953 of 156216 at time 21:45:56 Start: 21:42:01 ETA: 21:54:01"
[1] "Fit Model ID: tt0697732 number 155954 of 156216 at time 21:45:59 Start: 21:42:01 ETA: 21:54:02"
[1] "Fit Model ID: tt0697759 number 155955 of 156216 at time 21:46:00 Start: 21:42:01 ETA: 21:54:04"
[1] "Fit Model ID: tt0697774 number 155956 of 156216 at time 21:46:02 Start: 21:42:01 ETA: 21:54:03"
[1] "Fit Model ID: tt0697776 number 155957 of 156216 at time 21:46:05 Start: 21:42:01 ETA: 21:54:04"
[1] "Fit Model ID: tt0697780 number 155958 of 156216 at time 21:46:06 Start: 21:42:01 ETA: 21:54:05"
[1] "Fit Model ID: tt0697791 number 155959 of 156216 at time 21:46:09 Start: 21:42:01 ETA: 21:54:03"
[1] "Fit Model ID: tt0697803 number 155960 of 156216 at time 21:46:11 Start: 21:42:01 ETA: 21:54:07"
[1] "Fit Model ID: tt0697807 number 155961 of 156216 at time 21:46:13 Start: 21:42:01 ETA: 21:54:08"
[1] "Fit Model ID: tt0697811 number 155962 of 156216 at time 21:46:15 Start: 21:42:01 ETA: 21:54:09"
[1] "Fit Model ID: tt0701049 number 155963 of 156216 at time 21:46:17 Start: 21:42:01 ETA: 21:54:07"
[1] "Fit Model ID: tt0701075 number 155964 of 156216 at time 21:46:19 Start: 21:42:01 ETA: 21:54:08"
[1] "Fit Model ID: tt0701101 number 155965 of 156216 at time 21:46:21 Start: 21:42:01 ETA: 21:54:09"
[1] "Fit Model ID: tt0701102 number 155966 of 156216 at time 21:46:24 Start: 21:42:01 ETA: 21:54:10"
[1] "Fit Model ID: tt0701111 number 155967 of 156216 at time 21:46:26 Start: 21:42:01 ETA: 21:54:13"
[1] "Fit Model ID: tt0701135 number 155968 of 156216 at time 21:46:30 Start: 21:42:01 ETA: 21:54:11"
[1] "Fit Model ID: tt0701143 number 155969 of 156216 at time 21:46:31 Start: 21:42:01 ETA: 21:54:17"
[1] "Fit Model ID: tt0701177 number 155970 of 156216 at time 21:46:33 Start: 21:42:01 ETA: 21:54:15"
[1] "Fit Model ID: tt0701181 number 155971 of 156216 at time 21:46:35 Start: 21:42:01 ETA: 21:54:16"
[1] "Fit Model ID: tt0701203 number 155972 of 156216 at time 21:46:37 Start: 21:42:01 ETA: 21:54:17"
[1] "Fit Model ID: tt0701231 number 155973 of 156216 at time 21:46:40 Start: 21:42:01 ETA: 21:54:16"
[1] "Fit Model ID: tt0701251 number 155974 of 156216 at time 21:46:42 Start: 21:42:01 ETA: 21:54:18"
[1] "Fit Model ID: tt0701272 number 155975 of 156216 at time 21:46:44 Start: 21:42:01 ETA: 21:54:19"
[1] "Fit Model ID: tt0708503 number 155976 of 156216 at time 21:46:47 Start: 21:42:01 ETA: 21:54:21"
[1] "Fit Model ID: tt0708543 number 155977 of 156216 at time 21:46:50 Start: 21:42:01 ETA: 21:54:22"
[1] "Fit Model ID: tt0708606 number 155978 of 156216 at time 21:46:52 Start: 21:42:01 ETA: 21:54:25"
[1] "Fit Model ID: tt0708611 number 155979 of 156216 at time 21:46:53 Start: 21:42:01 ETA: 21:54:26"
[1] "Fit Model ID: tt0716890 number 155980 of 156216 at time 21:46:55 Start: 21:42:01 ETA: 21:54:25"
[1] "Fit Model ID: tt0734561 number 155981 of 156216 at time 21:46:59 Start: 21:42:01 ETA: 21:54:25"
[1] "Fit Model ID: tt0734573 number 155982 of 156216 at time 21:47:01 Start: 21:42:01 ETA: 21:54:28"
[1] "Fit Model ID: tt0734608 number 155983 of 156216 at time 21:47:03 Start: 21:42:01 ETA: 21:54:29"
[1] "Fit Model ID: tt0734622 number 155984 of 156216 at time 21:47:04 Start: 21:42:01 ETA: 21:54:30"
[1] "Fit Model ID: tt0734631 number 155985 of 156216 at time 21:47:08 Start: 21:42:01 ETA: 21:54:28"
[1] "Fit Model ID: tt0734650 number 155986 of 156216 at time 21:47:09 Start: 21:42:01 ETA: 21:54:32"
[1] "Fit Model ID: tt0734653 number 155987 of 156216 at time 21:47:11 Start: 21:42:01 ETA: 21:54:30"
[1] "Fit Model ID: tt0734662 number 155988 of 156216 at time 21:47:14 Start: 21:42:01 ETA: 21:54:31"
[1] "Fit Model ID: tt0734679 number 155989 of 156216 at time 21:47:16 Start: 21:42:01 ETA: 21:54:32"
[1] "Fit Model ID: tt0756522 number 155990 of 156216 at time 21:47:17 Start: 21:42:01 ETA: 21:54:34"
[1] "Fit Model ID: tt0756878 number 155991 of 156216 at time 21:47:19 Start: 21:42:01 ETA: 21:54:30"
[1] "Fit Model ID: tt0756889 number 155992 of 156216 at time 21:47:22 Start: 21:42:01 ETA: 21:54:32"
[1] "Fit Model ID: tt0756893 number 155993 of 156216 at time 21:47:25 Start: 21:42:01 ETA: 21:54:33"
[1] "Fit Model ID: tt0757482 number 155994 of 156216 at time 21:47:27 Start: 21:42:01 ETA: 21:54:35"
[1] "Fit Model ID: tt0757483 number 155995 of 156216 at time 21:47:30 Start: 21:42:01 ETA: 21:54:36"
[1] "Fit Model ID: tt0763912 number 155996 of 156216 at time 21:47:32 Start: 21:42:01 ETA: 21:54:38"
[1] "Fit Model ID: tt0767439 number 155997 of 156216 at time 21:47:34 Start: 21:42:01 ETA: 21:54:39"
[1] "Fit Model ID: tt0769542 number 155998 of 156216 at time 21:47:36 Start: 21:42:01 ETA: 21:54:38"
[1] "Fit Model ID: tt0781978 number 155999 of 156216 at time 21:47:38 Start: 21:42:01 ETA: 21:54:39"
[1] "Fit Model ID: tt0795363 number 156000 of 156216 at time 21:47:39 Start: 21:42:01 ETA: 21:54:39"
[1] "Fit Model ID: tt0800369 number 156001 of 156216 at time 21:47:41 Start: 21:42:01 ETA: 21:54:38"
[1] "Fit Model ID: tt0803038 number 156002 of 156216 at time 21:47:44 Start: 21:42:01 ETA: 21:54:38"
[1] "Fit Model ID: tt0816692 number 156003 of 156216 at time 21:47:44 Start: 21:42:01 ETA: 21:54:39"
[1] "Fit Model ID: tt0817466 number 156004 of 156216 at time 21:47:47 Start: 21:42:01 ETA: 21:54:36"
[1] "Fit Model ID: tt0848228 number 156005 of 156216 at time 21:47:49 Start: 21:42:01 ETA: 21:54:37"
[1] "Fit Model ID: tt0849809 number 156006 of 156216 at time 21:47:50 Start: 21:42:01 ETA: 21:54:37"
[1] "Fit Model ID: tt0898266 number 156007 of 156216 at time 21:47:52 Start: 21:42:01 ETA: 21:54:36"
[1] "Fit Model ID: tt0903747 number 156008 of 156216 at time 21:47:53 Start: 21:42:01 ETA: 21:54:35"
[1] "Fit Model ID: tt0936494 number 156009 of 156216 at time 21:47:55 Start: 21:42:01 ETA: 21:54:34"
[1] "Fit Model ID: tt0944947 number 156010 of 156216 at time 21:47:58 Start: 21:42:01 ETA: 21:54:33"
[1] "Fit Model ID: tt0973816 number 156011 of 156216 at time 21:48:00 Start: 21:42:01 ETA: 21:54:36"
[1] "Fit Model ID: tt0982036 number 156012 of 156216 at time 21:48:02 Start: 21:42:01 ETA: 21:54:36"
[1] "Fit Model ID: tt0988810 number 156013 of 156216 at time 21:48:04 Start: 21:42:01 ETA: 21:54:35"
[1] "Fit Model ID: tt0993748 number 156014 of 156216 at time 21:48:04 Start: 21:42:01 ETA: 21:54:35"
[1] "Fit Model ID: tt0993846 number 156015 of 156216 at time 21:48:06 Start: 21:42:01 ETA: 21:54:33"
[1] "Fit Model ID: tt0996614 number 156016 of 156216 at time 21:48:09 Start: 21:42:01 ETA: 21:54:33"
[1] "Fit Model ID: tt1027715 number 156017 of 156216 at time 21:48:11 Start: 21:42:01 ETA: 21:54:34"
[1] "Fit Model ID: tt10376068 number 156018 of 156216 at time 21:48:12 Start: 21:42:01 ETA: 21:54:34"
[1] "Fit Model ID: tt1039932 number 156019 of 156216 at time 21:48:14 Start: 21:42:01 ETA: 21:54:33"
[1] "Fit Model ID: tt1039934 number 156020 of 156216 at time 21:48:16 Start: 21:42:01 ETA: 21:54:34"
[1] "Fit Model ID: tt1039939 number 156021 of 156216 at time 21:48:18 Start: 21:42:01 ETA: 21:54:34"
[1] "Fit Model ID: tt1062205 number 156022 of 156216 at time 21:48:20 Start: 21:42:01 ETA: 21:54:33"
[1] "Fit Model ID: tt1107835 number 156023 of 156216 at time 21:48:22 Start: 21:42:01 ETA: 21:54:33"
[1] "Fit Model ID: tt1111175 number 156024 of 156216 at time 21:48:23 Start: 21:42:01 ETA: 21:54:33"
[1] "Fit Model ID: tt1111176 number 156025 of 156216 at time 21:48:26 Start: 21:42:01 ETA: 21:54:33"
[1] "Fit Model ID: tt1157658 number 156026 of 156216 at time 21:48:29 Start: 21:42:01 ETA: 21:54:34"
[1] "Fit Model ID: tt1305015 number 156027 of 156216 at time 21:48:31 Start: 21:42:01 ETA: 21:54:35"
[1] "Fit Model ID: tt1320785 number 156028 of 156216 at time 21:48:33 Start: 21:42:01 ETA: 21:54:35"
[1] "Fit Model ID: tt1320788 number 156029 of 156216 at time 21:48:35 Start: 21:42:01 ETA: 21:54:36"
[1] "Fit Model ID: tt1329663 number 156030 of 156216 at time 21:48:37 Start: 21:42:01 ETA: 21:54:36"
[1] "Fit Model ID: tt1375666 number 156031 of 156216 at time 21:48:39 Start: 21:42:01 ETA: 21:54:37"
[1] "Fit Model ID: tt1396484 number 156032 of 156216 at time 21:48:42 Start: 21:42:01 ETA: 21:54:36"
[1] "Fit Model ID: tt1408574 number 156033 of 156216 at time 21:48:44 Start: 21:42:01 ETA: 21:54:39"
[1] "Fit Model ID: tt1425242 number 156034 of 156216 at time 21:48:45 Start: 21:42:01 ETA: 21:54:39"
[1] "Fit Model ID: tt1450334 number 156035 of 156216 at time 21:48:48 Start: 21:42:01 ETA: 21:54:38"
[1] "Fit Model ID: tt1475582 number 156036 of 156216 at time 21:48:50 Start: 21:42:01 ETA: 21:54:38"
[1] "Fit Model ID: tt1477834 number 156037 of 156216 at time 21:48:53 Start: 21:42:01 ETA: 21:54:39"
[1] "Fit Model ID: tt1489887 number 156038 of 156216 at time 21:48:54 Start: 21:42:01 ETA: 21:54:40"
[1] "Fit Model ID: tt1509756 number 156039 of 156216 at time 21:48:56 Start: 21:42:01 ETA: 21:54:39"
[1] "Fit Model ID: tt1517451 number 156040 of 156216 at time 21:48:58 Start: 21:42:01 ETA: 21:54:39"
[1] "Fit Model ID: tt1577179 number 156041 of 156216 at time 21:49:00 Start: 21:42:01 ETA: 21:54:40"
[1] "Fit Model ID: tt1579932 number 156042 of 156216 at time 21:49:02 Start: 21:42:01 ETA: 21:54:40"
[1] "Fit Model ID: tt1621984 number 156043 of 156216 at time 21:49:04 Start: 21:42:01 ETA: 21:54:39"
[1] "Fit Model ID: tt1630894 number 156044 of 156216 at time 21:49:06 Start: 21:42:01 ETA: 21:54:39"
[1] "Fit Model ID: tt1636179 number 156045 of 156216 at time 21:49:08 Start: 21:42:01 ETA: 21:54:40"
[1] "Fit Model ID: tt1727824 number 156046 of 156216 at time 21:49:10 Start: 21:42:01 ETA: 21:54:40"
[1] "Fit Model ID: tt1814642 number 156047 of 156216 at time 21:49:12 Start: 21:42:01 ETA: 21:54:39"
[1] "Fit Model ID: tt1824276 number 156048 of 156216 at time 21:49:14 Start: 21:42:01 ETA: 21:54:41"
[1] "Fit Model ID: tt1825683 number 156049 of 156216 at time 21:49:16 Start: 21:42:01 ETA: 21:54:40"
[1] "Fit Model ID: tt1853728 number 156050 of 156216 at time 21:49:19 Start: 21:42:01 ETA: 21:54:40"
[1] "Fit Model ID: tt1865543 number 156051 of 156216 at time 21:49:21 Start: 21:42:01 ETA: 21:54:42"
[1] "Fit Model ID: tt1866227 number 156052 of 156216 at time 21:49:24 Start: 21:42:01 ETA: 21:54:42"
[1] "Fit Model ID: tt1992935 number 156053 of 156216 at time 21:49:25 Start: 21:42:01 ETA: 21:54:43"
[1] "Fit Model ID: tt2015381 number 156054 of 156216 at time 21:49:26 Start: 21:42:01 ETA: 21:54:41"
[1] "Fit Model ID: tt2040800 number 156055 of 156216 at time 21:49:28 Start: 21:42:01 ETA: 21:54:41"
[1] "Fit Model ID: tt2043471 number 156056 of 156216 at time 21:49:30 Start: 21:42:01 ETA: 21:54:40"
[1] "Fit Model ID: tt2062677 number 156057 of 156216 at time 21:49:33 Start: 21:42:01 ETA: 21:54:41"
[1] "Fit Model ID: tt2065492 number 156058 of 156216 at time 21:49:36 Start: 21:42:01 ETA: 21:54:42"
[1] "Fit Model ID: tt2066051 number 156059 of 156216 at time 21:49:38 Start: 21:42:01 ETA: 21:54:43"
[1] "Fit Model ID: tt2069885 number 156060 of 156216 at time 21:49:40 Start: 21:42:01 ETA: 21:54:45"
[1] "Fit Model ID: tt2085059 number 156061 of 156216 at time 21:49:42 Start: 21:42:01 ETA: 21:54:45"
[1] "Fit Model ID: tt2087381 number 156062 of 156216 at time 21:49:44 Start: 21:42:01 ETA: 21:54:44"
[1] "Fit Model ID: tt2089249 number 156063 of 156216 at time 21:49:47 Start: 21:42:01 ETA: 21:54:44"
[1] "Fit Model ID: tt2095350 number 156064 of 156216 at time 21:49:48 Start: 21:42:01 ETA: 21:54:45"
[1] "Fit Model ID: tt2110811 number 156065 of 156216 at time 21:49:50 Start: 21:42:01 ETA: 21:54:44"
[1] "Fit Model ID: tt2128141 number 156066 of 156216 at time 21:49:52 Start: 21:42:01 ETA: 21:54:45"
[1] "Fit Model ID: tt2128818 number 156067 of 156216 at time 21:49:55 Start: 21:42:01 ETA: 21:54:45"
[1] "Fit Model ID: tt2134107 number 156068 of 156216 at time 21:49:56 Start: 21:42:01 ETA: 21:54:46"
[1] "Fit Model ID: tt2156103 number 156069 of 156216 at time 21:49:58 Start: 21:42:01 ETA: 21:54:45"
[1] "Fit Model ID: tt2177999 number 156070 of 156216 at time 21:49:59 Start: 21:42:01 ETA: 21:54:45"
[1] "Fit Model ID: tt2183551 number 156071 of 156216 at time 21:50:01 Start: 21:42:01 ETA: 21:54:44"
[1] "Fit Model ID: tt2187205 number 156072 of 156216 at time 21:50:04 Start: 21:42:01 ETA: 21:54:44"
[1] "Fit Model ID: tt2209159 number 156073 of 156216 at time 21:50:05 Start: 21:42:01 ETA: 21:54:44"
[1] "Fit Model ID: tt2229196 number 156074 of 156216 at time 21:50:07 Start: 21:42:01 ETA: 21:54:43"
[1] "Fit Model ID: tt2239817 number 156075 of 156216 at time 21:50:08 Start: 21:42:01 ETA: 21:54:43"
[1] "Fit Model ID: tt2250912 number 156076 of 156216 at time 21:50:10 Start: 21:42:01 ETA: 21:54:42"
[1] "Fit Model ID: tt2268100 number 156077 of 156216 at time 21:50:12 Start: 21:42:01 ETA: 21:54:42"
[1] "Fit Model ID: tt2268112 number 156078 of 156216 at time 21:50:13 Start: 21:42:01 ETA: 21:54:42"
[1] "Fit Model ID: tt2268124 number 156079 of 156216 at time 21:50:15 Start: 21:42:01 ETA: 21:54:41"
[1] "Fit Model ID: tt2280344 number 156080 of 156216 at time 21:50:17 Start: 21:42:01 ETA: 21:54:40"
[1] "Fit Model ID: tt2288037 number 156081 of 156216 at time 21:50:19 Start: 21:42:01 ETA: 21:54:41"
[1] "Fit Model ID: tt2303805 number 156082 of 156216 at time 21:50:21 Start: 21:42:01 ETA: 21:54:41"
[1] "Fit Model ID: tt2305713 number 156083 of 156216 at time 21:50:23 Start: 21:42:01 ETA: 21:54:41"
[1] "Fit Model ID: tt2305715 number 156084 of 156216 at time 21:50:25 Start: 21:42:01 ETA: 21:54:41"
[1] "Fit Model ID: tt2306299 number 156085 of 156216 at time 21:50:26 Start: 21:42:01 ETA: 21:54:40"
[1] "Fit Model ID: tt2310928 number 156086 of 156216 at time 21:50:29 Start: 21:42:01 ETA: 21:54:40"
[1] "Fit Model ID: tt2317924 number 156087 of 156216 at time 21:50:32 Start: 21:42:01 ETA: 21:54:42"
[1] "Fit Model ID: tt2362724 number 156088 of 156216 at time 21:50:33 Start: 21:42:01 ETA: 21:54:43"
[1] "Fit Model ID: tt2368669 number 156089 of 156216 at time 21:50:36 Start: 21:42:01 ETA: 21:54:42"
[1] "Fit Model ID: tt2386490 number 156090 of 156216 at time 21:50:40 Start: 21:42:01 ETA: 21:54:43"
[1] "Fit Model ID: tt2393824 number 156091 of 156216 at time 21:50:42 Start: 21:42:01 ETA: 21:54:46"
[1] "Fit Model ID: tt2395427 number 156092 of 156216 at time 21:50:44 Start: 21:42:01 ETA: 21:54:46"
[1] "Fit Model ID: tt2404438 number 156093 of 156216 at time 21:50:46 Start: 21:42:01 ETA: 21:54:46"
[1] "Fit Model ID: tt2411492 number 156094 of 156216 at time 21:50:48 Start: 21:42:01 ETA: 21:54:46"
[1] "Fit Model ID: tt2442560 number 156095 of 156216 at time 21:50:50 Start: 21:42:01 ETA: 21:54:45"
[1] "Fit Model ID: tt2452050 number 156096 of 156216 at time 21:50:52 Start: 21:42:01 ETA: 21:54:45"
[1] "Fit Model ID: tt2459378 number 156097 of 156216 at time 21:50:53 Start: 21:42:01 ETA: 21:54:46"
[1] "Fit Model ID: tt2481498 number 156098 of 156216 at time 21:50:55 Start: 21:42:01 ETA: 21:54:44"
[1] "Fit Model ID: tt2573094 number 156099 of 156216 at time 21:50:58 Start: 21:42:01 ETA: 21:54:45"
[1] "Fit Model ID: tt2586840 number 156100 of 156216 at time 21:51:00 Start: 21:42:01 ETA: 21:54:46"
[1] "Fit Model ID: tt2707408 number 156101 of 156216 at time 21:51:01 Start: 21:42:01 ETA: 21:54:46"
[1] "Fit Model ID: tt2722730 number 156102 of 156216 at time 21:51:03 Start: 21:42:01 ETA: 21:54:45"
[1] "Fit Model ID: tt2770826 number 156103 of 156216 at time 21:51:05 Start: 21:42:01 ETA: 21:54:45"
[1] "Fit Model ID: tt2861424 number 156104 of 156216 at time 21:51:07 Start: 21:42:01 ETA: 21:54:46"
[1] "Fit Model ID: tt2911666 number 156105 of 156216 at time 21:51:09 Start: 21:42:01 ETA: 21:54:45"
[1] "Fit Model ID: tt2999388 number 156106 of 156216 at time 21:51:11 Start: 21:42:01 ETA: 21:54:46"
[1] "Fit Model ID: tt3031772 number 156107 of 156216 at time 21:51:12 Start: 21:42:01 ETA: 21:54:46"
[1] "Fit Model ID: tt3054596 number 156108 of 156216 at time 21:51:15 Start: 21:42:01 ETA: 21:54:45"
[1] "Fit Model ID: tt3116354 number 156109 of 156216 at time 21:51:18 Start: 21:42:01 ETA: 21:54:46"
[1] "Fit Model ID: tt3237940 number 156110 of 156216 at time 21:51:20 Start: 21:42:01 ETA: 21:54:46"
[1] "Fit Model ID: tt3276622 number 156111 of 156216 at time 21:51:21 Start: 21:42:01 ETA: 21:54:46"
[1] "Fit Model ID: tt3292104 number 156112 of 156216 at time 21:51:23 Start: 21:42:01 ETA: 21:54:45"
[1] "Fit Model ID: tt3313076 number 156113 of 156216 at time 21:51:25 Start: 21:42:01 ETA: 21:54:45"
[1] "Fit Model ID: tt3498820 number 156114 of 156216 at time 21:51:26 Start: 21:42:01 ETA: 21:54:45"
[1] "Fit Model ID: tt3501632 number 156115 of 156216 at time 21:51:28 Start: 21:42:01 ETA: 21:54:44"
[1] "Fit Model ID: tt3572740 number 156116 of 156216 at time 21:51:29 Start: 21:42:01 ETA: 21:54:44"
[1] "Fit Model ID: tt3577058 number 156117 of 156216 at time 21:51:32 Start: 21:42:01 ETA: 21:54:43"
[1] "Fit Model ID: tt3609484 number 156118 of 156216 at time 21:51:34 Start: 21:42:01 ETA: 21:54:44"
[1] "Fit Model ID: tt3675476 number 156119 of 156216 at time 21:51:35 Start: 21:42:01 ETA: 21:54:44"
[1] "Fit Model ID: tt3682600 number 156120 of 156216 at time 21:51:37 Start: 21:42:01 ETA: 21:54:43"
[1] "Fit Model ID: tt3682604 number 156121 of 156216 at time 21:51:39 Start: 21:42:01 ETA: 21:54:44"
[1] "Fit Model ID: tt3756558 number 156122 of 156216 at time 21:51:42 Start: 21:42:01 ETA: 21:54:44"
[1] "Fit Model ID: tt3797652 number 156123 of 156216 at time 21:51:43 Start: 21:42:01 ETA: 21:54:44"
[1] "Fit Model ID: tt3797654 number 156124 of 156216 at time 21:51:46 Start: 21:42:01 ETA: 21:54:43"
[1] "Fit Model ID: tt3797656 number 156125 of 156216 at time 21:51:48 Start: 21:42:01 ETA: 21:54:44"
[1] "Fit Model ID: tt3797658 number 156126 of 156216 at time 21:51:50 Start: 21:42:01 ETA: 21:54:45"
[1] "Fit Model ID: tt3797660 number 156127 of 156216 at time 21:51:51 Start: 21:42:01 ETA: 21:54:45"
[1] "Fit Model ID: tt3802848 number 156128 of 156216 at time 21:51:54 Start: 21:42:01 ETA: 21:54:44"
[1] "Fit Model ID: tt3859534 number 156129 of 156216 at time 21:51:57 Start: 21:42:01 ETA: 21:54:44"
[1] "Fit Model ID: tt3865208 number 156130 of 156216 at time 21:51:59 Start: 21:42:01 ETA: 21:54:46"
[1] "Fit Model ID: tt3865210 number 156131 of 156216 at time 21:52:02 Start: 21:42:01 ETA: 21:54:47"
[1] "Fit Model ID: tt3896198 number 156132 of 156216 at time 21:52:04 Start: 21:42:01 ETA: 21:54:48"
[1] "Fit Model ID: tt4006460 number 156133 of 156216 at time 21:52:08 Start: 21:42:01 ETA: 21:54:48"
[1] "Fit Model ID: tt4052886 number 156134 of 156216 at time 21:52:09 Start: 21:42:01 ETA: 21:54:50"
[1] "Fit Model ID: tt4063326 number 156135 of 156216 at time 21:52:11 Start: 21:42:01 ETA: 21:54:49"
[1] "Fit Model ID: tt4073070 number 156136 of 156216 at time 21:52:13 Start: 21:42:01 ETA: 21:54:49"
[1] "Fit Model ID: tt4106068 number 156137 of 156216 at time 21:52:15 Start: 21:42:01 ETA: 21:54:49"
[1] "Fit Model ID: tt4154664 number 156138 of 156216 at time 21:52:16 Start: 21:42:01 ETA: 21:54:49"
[1] "Fit Model ID: tt4154756 number 156139 of 156216 at time 21:52:18 Start: 21:42:01 ETA: 21:54:48"
[1] "Fit Model ID: tt4154796 number 156140 of 156216 at time 21:52:19 Start: 21:42:01 ETA: 21:54:48"
[1] "Fit Model ID: tt4185454 number 156141 of 156216 at time 21:52:21 Start: 21:42:01 ETA: 21:54:46"
[1] "Fit Model ID: tt4236886 number 156142 of 156216 at time 21:52:24 Start: 21:42:01 ETA: 21:54:46"
[1] "Fit Model ID: tt4242870 number 156143 of 156216 at time 21:52:26 Start: 21:42:01 ETA: 21:54:48"
[1] "Fit Model ID: tt4242898 number 156144 of 156216 at time 21:52:27 Start: 21:42:01 ETA: 21:54:48"
[1] "Fit Model ID: tt4283088 number 156145 of 156216 at time 21:52:28 Start: 21:42:01 ETA: 21:54:47"
[1] "Fit Model ID: tt4283892 number 156146 of 156216 at time 21:52:30 Start: 21:42:01 ETA: 21:54:46"
[1] "Fit Model ID: tt4425200 number 156147 of 156216 at time 21:52:32 Start: 21:42:01 ETA: 21:54:46"
[1] "Fit Model ID: tt4463980 number 156148 of 156216 at time 21:52:35 Start: 21:42:01 ETA: 21:54:46"
[1] "Fit Model ID: tt4574334 number 156149 of 156216 at time 21:52:36 Start: 21:42:01 ETA: 21:54:47"
[1] "Fit Model ID: tt4633480 number 156150 of 156216 at time 21:52:38 Start: 21:42:01 ETA: 21:54:46"
[1] "Fit Model ID: tt4633694 number 156151 of 156216 at time 21:52:41 Start: 21:42:01 ETA: 21:54:46"
[1] "Fit Model ID: tt5052448 number 156152 of 156216 at time 21:52:43 Start: 21:42:01 ETA: 21:54:47"
[1] "Fit Model ID: tt5056196 number 156153 of 156216 at time 21:52:46 Start: 21:42:01 ETA: 21:54:47"
[1] "Fit Model ID: tt5084196 number 156154 of 156216 at time 21:52:47 Start: 21:42:01 ETA: 21:54:48"
[1] "Fit Model ID: tt5095030 number 156155 of 156216 at time 21:52:49 Start: 21:42:01 ETA: 21:54:47"
[1] "Fit Model ID: tt5118992 number 156156 of 156216 at time 21:52:51 Start: 21:42:01 ETA: 21:54:47"
[1] "Fit Model ID: tt5143564 number 156157 of 156216 at time 21:52:52 Start: 21:42:01 ETA: 21:54:48"
[1] "Fit Model ID: tt5218400 number 156158 of 156216 at time 21:52:54 Start: 21:42:01 ETA: 21:54:47"
[1] "Fit Model ID: tt5218412 number 156159 of 156216 at time 21:52:56 Start: 21:42:01 ETA: 21:54:47"
[1] "Fit Model ID: tt5218420 number 156160 of 156216 at time 21:53:01 Start: 21:42:01 ETA: 21:54:46"
[1] "Fit Model ID: tt5218500 number 156161 of 156216 at time 21:53:04 Start: 21:42:01 ETA: 21:54:50"
[1] "Fit Model ID: tt5228304 number 156162 of 156216 at time 21:53:06 Start: 21:42:01 ETA: 21:54:51"
[1] "Fit Model ID: tt5463162 number 156163 of 156216 at time 21:53:08 Start: 21:42:01 ETA: 21:54:51"
[1] "Fit Model ID: tt5581752 number 156164 of 156216 at time 21:53:13 Start: 21:42:01 ETA: 21:54:51"
[1] "Fit Model ID: tt5598292 number 156165 of 156216 at time 21:53:14 Start: 21:42:01 ETA: 21:54:54"
[1] "Fit Model ID: tt5699202 number 156166 of 156216 at time 21:53:16 Start: 21:42:01 ETA: 21:54:54"
[1] "Fit Model ID: tt5719748 number 156167 of 156216 at time 21:53:19 Start: 21:42:01 ETA: 21:54:54"
[1] "Fit Model ID: tt5884052 number 156168 of 156216 at time 21:53:20 Start: 21:42:01 ETA: 21:54:54"
[1] "Fit Model ID: tt5924366 number 156169 of 156216 at time 21:53:21 Start: 21:42:01 ETA: 21:54:53"
[1] "Fit Model ID: tt6027908 number 156170 of 156216 at time 21:53:22 Start: 21:42:01 ETA: 21:54:53"
[1] "Fit Model ID: tt6027912 number 156171 of 156216 at time 21:53:22 Start: 21:42:01 ETA: 21:54:51"
[1] "Fit Model ID: tt6027914 number 156172 of 156216 at time 21:53:24 Start: 21:42:01 ETA: 21:54:49"
[1] "Fit Model ID: tt6027916 number 156173 of 156216 at time 21:53:25 Start: 21:42:01 ETA: 21:54:49"
[1] "Fit Model ID: tt6027920 number 156174 of 156216 at time 21:53:25 Start: 21:42:01 ETA: 21:54:47"
[1] "Fit Model ID: tt6078822 number 156175 of 156216 at time 21:53:27 Start: 21:42:01 ETA: 21:54:46"
[1] "Fit Model ID: tt6139732 number 156176 of 156216 at time 21:53:30 Start: 21:42:01 ETA: 21:54:46"
[1] "Fit Model ID: tt6146586 number 156177 of 156216 at time 21:53:32 Start: 21:42:01 ETA: 21:54:46"
[1] "Fit Model ID: tt6472976 number 156178 of 156216 at time 21:53:35 Start: 21:42:01 ETA: 21:54:47"
[1] "Fit Model ID: tt6513120 number 156179 of 156216 at time 21:53:38 Start: 21:42:01 ETA: 21:54:48"
[1] "Fit Model ID: tt6634646 number 156180 of 156216 at time 21:53:38 Start: 21:42:01 ETA: 21:54:49"
[1] "Fit Model ID: tt6686450 number 156181 of 156216 at time 21:53:40 Start: 21:42:01 ETA: 21:54:47"
[1] "Fit Model ID: tt6823368 number 156182 of 156216 at time 21:53:43 Start: 21:42:01 ETA: 21:54:47"
[1] "Fit Model ID: tt6857112 number 156183 of 156216 at time 21:53:46 Start: 21:42:01 ETA: 21:54:48"
[1] "Fit Model ID: tt6865690 number 156184 of 156216 at time 21:53:48 Start: 21:42:01 ETA: 21:54:49"
[1] "Fit Model ID: tt6866342 number 156185 of 156216 at time 21:53:50 Start: 21:42:01 ETA: 21:54:49"
[1] "Fit Model ID: tt6878636 number 156186 of 156216 at time 21:53:50 Start: 21:42:01 ETA: 21:54:49"
[1] "Fit Model ID: tt6966692 number 156187 of 156216 at time 21:53:52 Start: 21:42:01 ETA: 21:54:47"
[1] "Fit Model ID: tt7131622 number 156188 of 156216 at time 21:53:56 Start: 21:42:01 ETA: 21:54:48"
[1] "Fit Model ID: tt7349662 number 156189 of 156216 at time 21:53:58 Start: 21:42:01 ETA: 21:54:49"
[1] "Fit Model ID: tt7366338 number 156190 of 156216 at time 21:54:00 Start: 21:42:01 ETA: 21:54:49"
[1] "Fit Model ID: tt7752126 number 156191 of 156216 at time 21:54:01 Start: 21:42:01 ETA: 21:54:49"
[1] "Fit Model ID: tt7772580 number 156192 of 156216 at time 21:54:03 Start: 21:42:01 ETA: 21:54:48"
[1] "Fit Model ID: tt7778680 number 156193 of 156216 at time 21:54:05 Start: 21:42:01 ETA: 21:54:49"
[1] "Fit Model ID: tt7959026 number 156194 of 156216 at time 21:54:07 Start: 21:42:01 ETA: 21:54:49"
[1] "Fit Model ID: tt8055888 number 156195 of 156216 at time 21:54:09 Start: 21:42:01 ETA: 21:54:48"
[1] "Fit Model ID: tt8064302 number 156196 of 156216 at time 21:54:11 Start: 21:42:01 ETA: 21:54:48"
[1] "Fit Model ID: tt8160864 number 156197 of 156216 at time 21:54:14 Start: 21:42:01 ETA: 21:54:48"
[1] "Fit Model ID: tt8162428 number 156198 of 156216 at time 21:54:16 Start: 21:42:01 ETA: 21:54:49"
[1] "Fit Model ID: tt8169446 number 156199 of 156216 at time 21:54:17 Start: 21:42:01 ETA: 21:54:49"
[1] "Fit Model ID: tt8179388 number 156200 of 156216 at time 21:54:18 Start: 21:42:01 ETA: 21:54:49"
[1] "Fit Model ID: tt8180482 number 156201 of 156216 at time 21:54:18 Start: 21:42:01 ETA: 21:54:47"
[1] "Fit Model ID: tt8241576 number 156202 of 156216 at time 21:54:21 Start: 21:42:01 ETA: 21:54:46"
[1] "Fit Model ID: tt8310612 number 156203 of 156216 at time 21:54:23 Start: 21:42:01 ETA: 21:54:47"
[1] "Fit Model ID: tt8385474 number 156204 of 156216 at time 21:54:26 Start: 21:42:01 ETA: 21:54:47"
[1] "Fit Model ID: tt8482972 number 156205 of 156216 at time 21:54:28 Start: 21:42:01 ETA: 21:54:47"
[1] "Fit Model ID: tt8488322 number 156206 of 156216 at time 21:54:29 Start: 21:42:01 ETA: 21:54:48"
[1] "Fit Model ID: tt8529186 number 156207 of 156216 at time 21:54:32 Start: 21:42:01 ETA: 21:54:47"
[1] "Fit Model ID: tt8743064 number 156208 of 156216 at time 21:54:32 Start: 21:42:01 ETA: 21:54:47"
[1] "Fit Model ID: tt8778064 number 156209 of 156216 at time 21:54:35 Start: 21:42:01 ETA: 21:54:46"
[1] "Fit Model ID: tt8860450 number 156210 of 156216 at time 21:54:36 Start: 21:42:01 ETA: 21:54:47"
[1] "Fit Model ID: tt8883538 number 156211 of 156216 at time 21:54:37 Start: 21:42:01 ETA: 21:54:46"
[1] "Fit Model ID: tt9166672 number 156212 of 156216 at time 21:54:40 Start: 21:42:01 ETA: 21:54:45"
[1] "Fit Model ID: tt9199166 number 156213 of 156216 at time 21:54:40 Start: 21:42:01 ETA: 21:54:46"
[1] "Fit Model ID: tt9558612 number 156214 of 156216 at time 21:54:43 Start: 21:42:01 ETA: 21:54:44"
[1] "Fit Model ID: tt9621106 number 156215 of 156216 at time 21:54:45 Start: 21:42:01 ETA: 21:54:45"
[1] "Fit Model ID: tt9775360 number 156216 of 156216 at time 21:54:48 Start: 21:42:01 ETA: 21:54:45"
[1] "Program finished"
##------ Mon May 27 21:56:42 2019 ------##
> 
> 
